Build started 24/07/2013 19:03:17.
     1>Project "C:\Users\Edirlei\Desktop\Thomaz_Bruno_Bernardo\Mario-Pacman\MarioPacman\MarioPacman.vcxproj" on node 2 (rebuild target(s)).
     1>_PrepareForClean:
         Deleting file "Release\MarioPacman.lastbuildstate".
       InitializeBuildStatus:
         Creating "Release\MarioPacman.unsuccessfulbuild" because "AlwaysCreate" was specified.
       ClCompile:
         C:\Program Files (x86)\Microsoft Visual Studio 10.0\VC\bin\CL.exe /c /I..\PlayLib\include /Zi /nologo /W3 /WX- /O2 /Oi /Oy- /GL /D WIN32 /D NDEBUG /D _CONSOLE /D _UNICODE /D UNICODE /Gm- /EHsc /MD /GS /Gy /fp:precise /Zc:wchar_t /Zc:forScope /Fo"Release\\" /Fd"Release\vc100.pdb" /Gd /TP /analyze- /errorReport:prompt Main.cpp
         Main.cpp
     1>Main.cpp(56): warning C4996: 'fopen': This function or variable may be unsafe. Consider using fopen_s instead. To disable deprecation, use _CRT_SECURE_NO_WARNINGS. See online help for details.
                 C:\Program Files (x86)\Microsoft Visual Studio 10.0\VC\include\stdio.h(234) : see declaration of 'fopen'
     1>Main.cpp(323): warning C4244: 'argument' : conversion from 'float' to 'int', possible loss of data
     1>Main.cpp(323): warning C4244: 'argument' : conversion from 'float' to 'int', possible loss of data
     1>Main.cpp(326): warning C4244: 'argument' : conversion from 'float' to 'int', possible loss of data
     1>Main.cpp(326): warning C4244: 'argument' : conversion from 'float' to 'int', possible loss of data
     1>Main.cpp(327): warning C4244: 'argument' : conversion from 'float' to 'int', possible loss of data
     1>Main.cpp(327): warning C4244: 'argument' : conversion from 'float' to 'int', possible loss of data
     1>Main.cpp(328): warning C4244: 'argument' : conversion from 'float' to 'int', possible loss of data
     1>Main.cpp(328): warning C4244: 'argument' : conversion from 'float' to 'int', possible loss of data
     1>Main.cpp(330): warning C4244: 'argument' : conversion from 'float' to 'int', possible loss of data
     1>Main.cpp(330): warning C4244: 'argument' : conversion from 'float' to 'int', possible loss of data
     1>Main.cpp(330): warning C4244: 'argument' : conversion from 'float' to 'int', possible loss of data
     1>Main.cpp(330): warning C4244: 'argument' : conversion from 'float' to 'int', possible loss of data
     1>Main.cpp(334): warning C4244: 'argument' : conversion from 'float' to 'int', possible loss of data
     1>Main.cpp(334): warning C4244: 'argument' : conversion from 'float' to 'int', possible loss of data
     1>Main.cpp(334): warning C4244: 'argument' : conversion from 'float' to 'int', possible loss of data
     1>Main.cpp(334): warning C4244: 'argument' : conversion from 'float' to 'int', possible loss of data
     1>Main.cpp(338): warning C4244: 'argument' : conversion from 'float' to 'int', possible loss of data
     1>Main.cpp(338): warning C4244: 'argument' : conversion from 'float' to 'int', possible loss of data
     1>Main.cpp(338): warning C4244: 'argument' : conversion from 'float' to 'int', possible loss of data
     1>Main.cpp(338): warning C4244: 'argument' : conversion from 'float' to 'int', possible loss of data
     1>Main.cpp(395): warning C4244: 'argument' : conversion from 'time_t' to 'unsigned int', possible loss of data
       Link:
         C:\Program Files (x86)\Microsoft Visual Studio 10.0\VC\bin\link.exe /ERRORREPORT:PROMPT /OUT:"C:\Users\Edirlei\Desktop\Thomaz_Bruno_Bernardo\Mario-Pacman\Release\MarioPacman.exe" /INCREMENTAL:NO /NOLOGO /LIBPATH:..\PlayLib\lib PlayLib.lib kernel32.lib user32.lib gdi32.lib winspool.lib comdlg32.lib advapi32.lib shell32.lib ole32.lib oleaut32.lib uuid.lib odbc32.lib odbccp32.lib /MANIFEST /ManifestFile:"Release\MarioPacman.exe.intermediate.manifest" /MANIFESTUAC:"level='asInvoker' uiAccess='false'" /DEBUG /PDB:"C:\Users\Edirlei\Desktop\Thomaz_Bruno_Bernardo\Mario-Pacman\Release\MarioPacman.pdb" /SUBSYSTEM:CONSOLE /OPT:REF /OPT:ICF /LTCG /TLBID:1 /DYNAMICBASE /NXCOMPAT /IMPLIB:"C:\Users\Edirlei\Desktop\Thomaz_Bruno_Bernardo\Mario-Pacman\Release\MarioPacman.lib" /MACHINE:X86 Release\Main.obj
         Generating code
         Finished generating code
         MarioPacman.vcxproj -> C:\Users\Edirlei\Desktop\Thomaz_Bruno_Bernardo\Mario-Pacman\Release\MarioPacman.exe
       Manifest:
         C:\Program Files (x86)\Microsoft SDKs\Windows\v7.0A\bin\mt.exe /nologo /verbose /outputresource:"C:\Users\Edirlei\Desktop\Thomaz_Bruno_Bernardo\Mario-Pacman\Release\MarioPacman.exe;#1" /manifest Release\MarioPacman.exe.intermediate.manifest
       FinalizeBuildStatus:
         Deleting file "Release\MarioPacman.unsuccessfulbuild".
         Touching "Release\MarioPacman.lastbuildstate".
     1>Done Building Project "C:\Users\Edirlei\Desktop\Thomaz_Bruno_Bernardo\Mario-Pacman\MarioPacman\MarioPacman.vcxproj" (rebuild target(s)).

Build succeeded.

Time Elapsed 00:00:01.19
