Build started 09/12/2015 05:09:09.
     1>Project "C:\Users\Marcelo\Desktop\Reborn\PlayLib_2010\PlayLib_2010.vcxproj" on node 2 (build target(s)).
     1>InitializeBuildStatus:
         Creating "Debug\PlayLib_2010.unsuccessfulbuild" because "AlwaysCreate" was specified.
       ClCompile:
         C:\Program Files (x86)\Microsoft Visual Studio 10.0\VC\bin\CL.exe /c /ZI /nologo /W3 /WX- /Od /Oy- /D WIN32 /D _DEBUG /D _CONSOLE /D _UNICODE /D UNICODE /Gm /EHsc /RTC1 /MDd /GS /fp:precise /Zc:wchar_t /Zc:forScope /Fo"Debug\\" /Fd"Debug\vc100.pdb" /Gd /TP /analyze- /errorReport:prompt Main.cpp
         Main.cpp
     1>c:\users\marcelo\desktop\reborn\playlib_2010\main.cpp(273): warning C4244: 'initializing' : conversion from 'int' to 'float', possible loss of data
     1>c:\users\marcelo\desktop\reborn\playlib_2010\main.cpp(274): warning C4244: 'initializing' : conversion from 'int' to 'float', possible loss of data
     1>c:\users\marcelo\desktop\reborn\playlib_2010\main.cpp(277): warning C4244: 'initializing' : conversion from 'int' to 'float', possible loss of data
     1>c:\users\marcelo\desktop\reborn\playlib_2010\main.cpp(278): warning C4244: 'initializing' : conversion from 'int' to 'float', possible loss of data
     1>c:\users\marcelo\desktop\reborn\playlib_2010\main.cpp(281): warning C4244: 'initializing' : conversion from 'int' to 'float', possible loss of data
     1>c:\users\marcelo\desktop\reborn\playlib_2010\main.cpp(282): warning C4244: 'initializing' : conversion from 'int' to 'float', possible loss of data
     1>c:\users\marcelo\desktop\reborn\playlib_2010\main.cpp(285): warning C4244: 'initializing' : conversion from 'int' to 'float', possible loss of data
     1>c:\users\marcelo\desktop\reborn\playlib_2010\main.cpp(286): warning C4244: 'initializing' : conversion from 'int' to 'float', possible loss of data
     1>c:\users\marcelo\desktop\reborn\playlib_2010\main.cpp(289): warning C4244: 'initializing' : conversion from 'int' to 'float', possible loss of data
     1>c:\users\marcelo\desktop\reborn\playlib_2010\main.cpp(290): warning C4244: 'initializing' : conversion from 'int' to 'float', possible loss of data
     1>c:\users\marcelo\desktop\reborn\playlib_2010\main.cpp(359): warning C4244: '-=' : conversion from 'float' to 'int', possible loss of data
     1>c:\users\marcelo\desktop\reborn\playlib_2010\main.cpp(363): warning C4244: '+=' : conversion from 'float' to 'int', possible loss of data
     1>c:\users\marcelo\desktop\reborn\playlib_2010\main.cpp(367): warning C4244: '-=' : conversion from 'float' to 'int', possible loss of data
     1>c:\users\marcelo\desktop\reborn\playlib_2010\main.cpp(371): warning C4244: '+=' : conversion from 'float' to 'int', possible loss of data
     1>c:\users\marcelo\desktop\reborn\playlib_2010\main.cpp(396): warning C4244: '=' : conversion from 'float' to 'int', possible loss of data
     1>c:\users\marcelo\desktop\reborn\playlib_2010\main.cpp(397): warning C4244: '=' : conversion from 'float' to 'int', possible loss of data
     1>c:\users\marcelo\desktop\reborn\playlib_2010\main.cpp(412): warning C4244: 'initializing' : conversion from 'float' to 'int', possible loss of data
     1>c:\users\marcelo\desktop\reborn\playlib_2010\main.cpp(412): warning C4244: 'initializing' : conversion from 'float' to 'int', possible loss of data
     1>c:\users\marcelo\desktop\reborn\playlib_2010\main.cpp(432): warning C4244: '=' : conversion from 'float' to 'int', possible loss of data
     1>c:\users\marcelo\desktop\reborn\playlib_2010\main.cpp(433): warning C4244: '=' : conversion from 'float' to 'int', possible loss of data
     1>c:\users\marcelo\desktop\reborn\playlib_2010\main.cpp(439): warning C4244: 'initializing' : conversion from 'float' to 'int', possible loss of data
     1>c:\users\marcelo\desktop\reborn\playlib_2010\main.cpp(439): warning C4244: 'initializing' : conversion from 'float' to 'int', possible loss of data
     1>c:\users\marcelo\desktop\reborn\playlib_2010\main.cpp(447): warning C4244: 'initializing' : conversion from 'float' to 'int', possible loss of data
     1>c:\users\marcelo\desktop\reborn\playlib_2010\main.cpp(447): warning C4244: 'initializing' : conversion from 'float' to 'int', possible loss of data
     1>c:\users\marcelo\desktop\reborn\playlib_2010\main.cpp(456): warning C4244: 'initializing' : conversion from 'float' to 'int', possible loss of data
     1>c:\users\marcelo\desktop\reborn\playlib_2010\main.cpp(456): warning C4244: 'initializing' : conversion from 'float' to 'int', possible loss of data
     1>c:\users\marcelo\desktop\reborn\playlib_2010\main.cpp(464): warning C4244: 'initializing' : conversion from 'float' to 'int', possible loss of data
     1>c:\users\marcelo\desktop\reborn\playlib_2010\main.cpp(464): warning C4244: 'initializing' : conversion from 'float' to 'int', possible loss of data
     1>c:\users\marcelo\desktop\reborn\playlib_2010\main.cpp(472): warning C4244: 'initializing' : conversion from 'float' to 'int', possible loss of data
     1>c:\users\marcelo\desktop\reborn\playlib_2010\main.cpp(472): warning C4244: 'initializing' : conversion from 'float' to 'int', possible loss of data
     1>c:\users\marcelo\desktop\reborn\playlib_2010\main.cpp(480): warning C4244: 'initializing' : conversion from 'float' to 'int', possible loss of data
     1>c:\users\marcelo\desktop\reborn\playlib_2010\main.cpp(480): warning C4244: 'initializing' : conversion from 'float' to 'int', possible loss of data
     1>c:\users\marcelo\desktop\reborn\playlib_2010\main.cpp(488): warning C4244: 'initializing' : conversion from 'float' to 'int', possible loss of data
     1>c:\users\marcelo\desktop\reborn\playlib_2010\main.cpp(488): warning C4244: 'initializing' : conversion from 'float' to 'int', possible loss of data
     1>c:\users\marcelo\desktop\reborn\playlib_2010\main.cpp(496): warning C4244: 'initializing' : conversion from 'float' to 'int', possible loss of data
     1>c:\users\marcelo\desktop\reborn\playlib_2010\main.cpp(496): warning C4244: 'initializing' : conversion from 'float' to 'int', possible loss of data
     1>c:\users\marcelo\desktop\reborn\playlib_2010\main.cpp(504): warning C4244: 'initializing' : conversion from 'float' to 'int', possible loss of data
     1>c:\users\marcelo\desktop\reborn\playlib_2010\main.cpp(504): warning C4244: 'initializing' : conversion from 'float' to 'int', possible loss of data
     1>c:\users\marcelo\desktop\reborn\playlib_2010\main.cpp(513): warning C4244: 'initializing' : conversion from 'float' to 'int', possible loss of data
     1>c:\users\marcelo\desktop\reborn\playlib_2010\main.cpp(513): warning C4244: 'initializing' : conversion from 'float' to 'int', possible loss of data
     1>c:\users\marcelo\desktop\reborn\playlib_2010\main.cpp(522): warning C4244: 'initializing' : conversion from 'float' to 'int', possible loss of data
     1>c:\users\marcelo\desktop\reborn\playlib_2010\main.cpp(522): warning C4244: 'initializing' : conversion from 'float' to 'int', possible loss of data
     1>c:\users\marcelo\desktop\reborn\playlib_2010\main.cpp(530): warning C4244: 'initializing' : conversion from 'float' to 'int', possible loss of data
     1>c:\users\marcelo\desktop\reborn\playlib_2010\main.cpp(530): warning C4244: 'initializing' : conversion from 'float' to 'int', possible loss of data
     1>c:\users\marcelo\desktop\reborn\playlib_2010\main.cpp(538): warning C4244: 'initializing' : conversion from 'float' to 'int', possible loss of data
     1>c:\users\marcelo\desktop\reborn\playlib_2010\main.cpp(538): warning C4244: 'initializing' : conversion from 'float' to 'int', possible loss of data
     1>c:\users\marcelo\desktop\reborn\playlib_2010\main.cpp(546): warning C4244: 'initializing' : conversion from 'float' to 'int', possible loss of data
     1>c:\users\marcelo\desktop\reborn\playlib_2010\main.cpp(546): warning C4244: 'initializing' : conversion from 'float' to 'int', possible loss of data
     1>c:\users\marcelo\desktop\reborn\playlib_2010\main.cpp(846): warning C4244: '=' : conversion from 'int' to 'float', possible loss of data
     1>c:\users\marcelo\desktop\reborn\playlib_2010\main.cpp(857): warning C4244: '=' : conversion from 'int' to 'float', possible loss of data
     1>c:\users\marcelo\desktop\reborn\playlib_2010\main.cpp(1156): warning C4244: 'argument' : conversion from 'float' to 'int', possible loss of data
     1>c:\users\marcelo\desktop\reborn\playlib_2010\main.cpp(1156): warning C4244: 'argument' : conversion from 'float' to 'int', possible loss of data
     1>c:\users\marcelo\desktop\reborn\playlib_2010\main.cpp(1165): warning C4244: 'argument' : conversion from 'float' to 'int', possible loss of data
     1>c:\users\marcelo\desktop\reborn\playlib_2010\main.cpp(1165): warning C4244: 'argument' : conversion from 'float' to 'int', possible loss of data
     1>c:\users\marcelo\desktop\reborn\playlib_2010\main.cpp(1174): warning C4244: 'argument' : conversion from 'float' to 'int', possible loss of data
     1>c:\users\marcelo\desktop\reborn\playlib_2010\main.cpp(1174): warning C4244: 'argument' : conversion from 'float' to 'int', possible loss of data
     1>c:\users\marcelo\desktop\reborn\playlib_2010\main.cpp(1183): warning C4244: 'argument' : conversion from 'float' to 'int', possible loss of data
     1>c:\users\marcelo\desktop\reborn\playlib_2010\main.cpp(1183): warning C4244: 'argument' : conversion from 'float' to 'int', possible loss of data
     1>c:\users\marcelo\desktop\reborn\playlib_2010\main.cpp(1205): warning C4244: 'argument' : conversion from 'float' to 'int', possible loss of data
     1>c:\users\marcelo\desktop\reborn\playlib_2010\main.cpp(1205): warning C4244: 'argument' : conversion from 'float' to 'int', possible loss of data
     1>c:\users\marcelo\desktop\reborn\playlib_2010\main.cpp(1240): warning C4996: 'itoa': The POSIX name for this item is deprecated. Instead, use the ISO C++ conformant name: _itoa. See online help for details.
                 c:\program files (x86)\microsoft visual studio 10.0\vc\include\stdlib.h(867) : see declaration of 'itoa'
     1>c:\users\marcelo\desktop\reborn\playlib_2010\main.cpp(385): warning C4101: 'endAttack' : unreferenced local variable
     1>c:\users\marcelo\desktop\reborn\playlib_2010\main.cpp(651): warning C4101: 'box2' : unreferenced local variable
       Link:
         C:\Program Files (x86)\Microsoft Visual Studio 10.0\VC\bin\link.exe /ERRORREPORT:PROMPT /OUT:"C:\Users\Marcelo\Desktop\Reborn\PlayLib_2010\Debug\PlayLib_2010.exe" /INCREMENTAL:NO /NOLOGO PlayLib.lib kernel32.lib user32.lib gdi32.lib winspool.lib comdlg32.lib advapi32.lib shell32.lib ole32.lib oleaut32.lib uuid.lib odbc32.lib odbccp32.lib /MANIFEST /ManifestFile:"Debug\PlayLib_2010.exe.intermediate.manifest" /MANIFESTUAC:"level='asInvoker' uiAccess='false'" /DEBUG /PDB:"C:\Users\Marcelo\Desktop\Reborn\PlayLib_2010\Debug\PlayLib_2010.pdb" /SUBSYSTEM:CONSOLE /TLBID:1 /DYNAMICBASE /NXCOMPAT /IMPLIB:"C:\Users\Marcelo\Desktop\Reborn\PlayLib_2010\Debug\PlayLib_2010.lib" /MACHINE:X86 Debug\Main.obj
         Debug\Mumia.obj
         PlayLib.lib
         PlayLibd.lib
     1>Main.obj : warning LNK4075: ignoring '/EDITANDCONTINUE' due to '/INCREMENTAL:NO' specification
         PlayLib.lib(Graphics.obj) : MSIL .netmodule or module compiled with /GL found; restarting link with /LTCG; add /LTCG to the link command line to improve linker performance
     1>Main.obj : warning LNK4075: ignoring '/EDITANDCONTINUE' due to '/INCREMENTAL:NO' specification
     1>LINK : warning LNK4098: defaultlib 'MSVCRT' conflicts with use of other libs; use /NODEFAULTLIB:library
         Generating code
         Finished generating code
     1>PlayLib.lib(Graphics.obj) : warning LNK4204: 'C:\Users\Marcelo\Desktop\Reborn\PlayLib_2010\Debug\vc100.pdb' is missing debugging information for referencing module; linking object as if no debug info
     1>PlayLib.lib(stb_image.obj) : warning LNK4204: 'C:\Users\Marcelo\Desktop\Reborn\PlayLib_2010\Debug\vc100.pdb' is missing debugging information for referencing module; linking object as if no debug info
         PlayLib_2010.vcxproj -> C:\Users\Marcelo\Desktop\Reborn\PlayLib_2010\Debug\PlayLib_2010.exe
       Manifest:
         C:\Program Files (x86)\Microsoft SDKs\Windows\v7.0A\bin\mt.exe /nologo /verbose /outputresource:"C:\Users\Marcelo\Desktop\Reborn\PlayLib_2010\Debug\PlayLib_2010.exe;#1" /manifest Debug\PlayLib_2010.exe.intermediate.manifest
       FinalizeBuildStatus:
         Deleting file "Debug\PlayLib_2010.unsuccessfulbuild".
         Touching "Debug\PlayLib_2010.lastbuildstate".
     1>Done Building Project "C:\Users\Marcelo\Desktop\Reborn\PlayLib_2010\PlayLib_2010.vcxproj" (build target(s)).

Build succeeded.

Time Elapsed 00:00:02.13
