C:\DOCUMENTS AND SETTINGS\EEE-PC\DESKTOP\PLAYLIB_2010\DEBUG\MAIN.OBJ
C:\DOCUMENTS AND SETTINGS\EEE-PC\DESKTOP\PLAYLIB_2010\DEBUG\PLAYLIB_2010.EXE
C:\DOCUMENTS AND SETTINGS\EEE-PC\DESKTOP\PLAYLIB_2010\DEBUG\PLAYLIB_2010.EXE.EMBED.MANIFEST
C:\DOCUMENTS AND SETTINGS\EEE-PC\DESKTOP\PLAYLIB_2010\DEBUG\PLAYLIB_2010.EXE.EMBED.MANIFEST.RES
C:\DOCUMENTS AND SETTINGS\EEE-PC\DESKTOP\PLAYLIB_2010\DEBUG\PLAYLIB_2010.EXE.INTERMEDIATE.MANIFEST
C:\DOCUMENTS AND SETTINGS\EEE-PC\DESKTOP\PLAYLIB_2010\DEBUG\PLAYLIB_2010.ILK
C:\DOCUMENTS AND SETTINGS\EEE-PC\DESKTOP\PLAYLIB_2010\DEBUG\PLAYLIB_2010.PDB
C:\DOCUMENTS AND SETTINGS\EEE-PC\DESKTOP\PLAYLIB_2010\DEBUG\VC100.PDB
C:\USERS\G1521018\DESKTOP\PLAYLIB_2010\PLAYLIB_2010\DEBUG\MAIN.OBJ
C:\USERS\G1521018\DESKTOP\PLAYLIB_2010\PLAYLIB_2010\DEBUG\PLAYLIB_2010.EXE
C:\USERS\G1521018\DESKTOP\PLAYLIB_2010\PLAYLIB_2010\DEBUG\PLAYLIB_2010.EXE.EMBED.MANIFEST.RES
C:\USERS\G1521018\DESKTOP\PLAYLIB_2010\PLAYLIB_2010\DEBUG\PLAYLIB_2010.EXE.INTERMEDIATE.MANIFEST
C:\USERS\G1521018\DESKTOP\PLAYLIB_2010\PLAYLIB_2010\DEBUG\PLAYLIB_2010.ILK
C:\USERS\G1521018\DESKTOP\PLAYLIB_2010\PLAYLIB_2010\DEBUG\PLAYLIB_2010.PDB
C:\USERS\G1521018\DESKTOP\PLAYLIB_2010\PLAYLIB_2010\DEBUG\VC100.PDB
C:\Users\Marcelo\Desktop\PlayLib_2010\PlayLib_2010\Debug\cl.command.1.tlog
C:\Users\Marcelo\Desktop\PlayLib_2010\PlayLib_2010\Debug\CL.read.1.tlog
C:\Users\Marcelo\Desktop\PlayLib_2010\PlayLib_2010\Debug\CL.write.1.tlog
C:\Users\Marcelo\Desktop\PlayLib_2010\PlayLib_2010\Debug\link.1080.read.1.tlog
C:\Users\Marcelo\Desktop\PlayLib_2010\PlayLib_2010\Debug\link.1080.write.1.tlog
C:\Users\Marcelo\Desktop\PlayLib_2010\PlayLib_2010\Debug\link.1080-cvtres.read.1.tlog
C:\Users\Marcelo\Desktop\PlayLib_2010\PlayLib_2010\Debug\link.1080-cvtres.write.1.tlog
C:\Users\Marcelo\Desktop\PlayLib_2010\PlayLib_2010\Debug\link.1712.read.1.tlog
C:\Users\Marcelo\Desktop\PlayLib_2010\PlayLib_2010\Debug\link.1712.write.1.tlog
C:\Users\Marcelo\Desktop\PlayLib_2010\PlayLib_2010\Debug\link.1712-cvtres.read.1.tlog
C:\Users\Marcelo\Desktop\PlayLib_2010\PlayLib_2010\Debug\link.1712-cvtres.write.1.tlog
C:\Users\Marcelo\Desktop\PlayLib_2010\PlayLib_2010\Debug\link.200.read.1.tlog
C:\Users\Marcelo\Desktop\PlayLib_2010\PlayLib_2010\Debug\link.200.write.1.tlog
C:\Users\Marcelo\Desktop\PlayLib_2010\PlayLib_2010\Debug\link.200-cvtres.read.1.tlog
C:\Users\Marcelo\Desktop\PlayLib_2010\PlayLib_2010\Debug\link.200-cvtres.write.1.tlog
C:\Users\Marcelo\Desktop\PlayLib_2010\PlayLib_2010\Debug\link.2032.read.1.tlog
C:\Users\Marcelo\Desktop\PlayLib_2010\PlayLib_2010\Debug\link.2032.write.1.tlog
C:\Users\Marcelo\Desktop\PlayLib_2010\PlayLib_2010\Debug\link.2224.read.1.tlog
C:\Users\Marcelo\Desktop\PlayLib_2010\PlayLib_2010\Debug\link.2224.write.1.tlog
C:\Users\Marcelo\Desktop\PlayLib_2010\PlayLib_2010\Debug\link.2224-cvtres.read.1.tlog
C:\Users\Marcelo\Desktop\PlayLib_2010\PlayLib_2010\Debug\link.2224-cvtres.write.1.tlog
C:\Users\Marcelo\Desktop\PlayLib_2010\PlayLib_2010\Debug\link.2348.read.1.tlog
C:\Users\Marcelo\Desktop\PlayLib_2010\PlayLib_2010\Debug\link.2348.write.1.tlog
C:\Users\Marcelo\Desktop\PlayLib_2010\PlayLib_2010\Debug\link.2348-cvtres.read.1.tlog
C:\Users\Marcelo\Desktop\PlayLib_2010\PlayLib_2010\Debug\link.2348-cvtres.write.1.tlog
C:\Users\Marcelo\Desktop\PlayLib_2010\PlayLib_2010\Debug\link.240.read.1.tlog
C:\Users\Marcelo\Desktop\PlayLib_2010\PlayLib_2010\Debug\link.240.write.1.tlog
C:\Users\Marcelo\Desktop\PlayLib_2010\PlayLib_2010\Debug\link.240-cvtres.read.1.tlog
C:\Users\Marcelo\Desktop\PlayLib_2010\PlayLib_2010\Debug\link.240-cvtres.write.1.tlog
C:\Users\Marcelo\Desktop\PlayLib_2010\PlayLib_2010\Debug\link.2648.read.1.tlog
C:\Users\Marcelo\Desktop\PlayLib_2010\PlayLib_2010\Debug\link.2648.write.1.tlog
C:\Users\Marcelo\Desktop\PlayLib_2010\PlayLib_2010\Debug\link.2648-cvtres.read.1.tlog
C:\Users\Marcelo\Desktop\PlayLib_2010\PlayLib_2010\Debug\link.2648-cvtres.write.1.tlog
C:\Users\Marcelo\Desktop\PlayLib_2010\PlayLib_2010\Debug\link.2652.read.1.tlog
C:\Users\Marcelo\Desktop\PlayLib_2010\PlayLib_2010\Debug\link.2652.write.1.tlog
C:\Users\Marcelo\Desktop\PlayLib_2010\PlayLib_2010\Debug\link.2652-cvtres.read.1.tlog
C:\Users\Marcelo\Desktop\PlayLib_2010\PlayLib_2010\Debug\link.2652-cvtres.write.1.tlog
C:\Users\Marcelo\Desktop\PlayLib_2010\PlayLib_2010\Debug\link.2696.read.1.tlog
C:\Users\Marcelo\Desktop\PlayLib_2010\PlayLib_2010\Debug\link.2696.write.1.tlog
C:\Users\Marcelo\Desktop\PlayLib_2010\PlayLib_2010\Debug\link.2696-cvtres.read.1.tlog
C:\Users\Marcelo\Desktop\PlayLib_2010\PlayLib_2010\Debug\link.2696-cvtres.write.1.tlog
C:\Users\Marcelo\Desktop\PlayLib_2010\PlayLib_2010\Debug\link.2796.read.1.tlog
C:\Users\Marcelo\Desktop\PlayLib_2010\PlayLib_2010\Debug\link.2796.write.1.tlog
C:\Users\Marcelo\Desktop\PlayLib_2010\PlayLib_2010\Debug\link.2796-cvtres.read.1.tlog
C:\Users\Marcelo\Desktop\PlayLib_2010\PlayLib_2010\Debug\link.2796-cvtres.write.1.tlog
C:\Users\Marcelo\Desktop\PlayLib_2010\PlayLib_2010\Debug\link.3176.read.1.tlog
C:\Users\Marcelo\Desktop\PlayLib_2010\PlayLib_2010\Debug\link.3176.write.1.tlog
C:\Users\Marcelo\Desktop\PlayLib_2010\PlayLib_2010\Debug\link.3176-cvtres.read.1.tlog
C:\Users\Marcelo\Desktop\PlayLib_2010\PlayLib_2010\Debug\link.3176-cvtres.write.1.tlog
C:\Users\Marcelo\Desktop\PlayLib_2010\PlayLib_2010\Debug\link.3284.read.1.tlog
C:\Users\Marcelo\Desktop\PlayLib_2010\PlayLib_2010\Debug\link.3284.write.1.tlog
C:\Users\Marcelo\Desktop\PlayLib_2010\PlayLib_2010\Debug\link.3284-cvtres.read.1.tlog
C:\Users\Marcelo\Desktop\PlayLib_2010\PlayLib_2010\Debug\link.3284-cvtres.write.1.tlog
C:\Users\Marcelo\Desktop\PlayLib_2010\PlayLib_2010\Debug\link.3300.read.1.tlog
C:\Users\Marcelo\Desktop\PlayLib_2010\PlayLib_2010\Debug\link.3300.write.1.tlog
C:\Users\Marcelo\Desktop\PlayLib_2010\PlayLib_2010\Debug\link.3300-cvtres.read.1.tlog
C:\Users\Marcelo\Desktop\PlayLib_2010\PlayLib_2010\Debug\link.3300-cvtres.write.1.tlog
C:\Users\Marcelo\Desktop\PlayLib_2010\PlayLib_2010\Debug\link.3396.read.1.tlog
C:\Users\Marcelo\Desktop\PlayLib_2010\PlayLib_2010\Debug\link.3396.write.1.tlog
C:\Users\Marcelo\Desktop\PlayLib_2010\PlayLib_2010\Debug\link.3396-cvtres.read.1.tlog
C:\Users\Marcelo\Desktop\PlayLib_2010\PlayLib_2010\Debug\link.3396-cvtres.write.1.tlog
C:\Users\Marcelo\Desktop\PlayLib_2010\PlayLib_2010\Debug\link.3512.read.1.tlog
C:\Users\Marcelo\Desktop\PlayLib_2010\PlayLib_2010\Debug\link.3512.write.1.tlog
C:\Users\Marcelo\Desktop\PlayLib_2010\PlayLib_2010\Debug\link.3512-cvtres.read.1.tlog
C:\Users\Marcelo\Desktop\PlayLib_2010\PlayLib_2010\Debug\link.3512-cvtres.write.1.tlog
C:\Users\Marcelo\Desktop\PlayLib_2010\PlayLib_2010\Debug\link.3588.read.1.tlog
C:\Users\Marcelo\Desktop\PlayLib_2010\PlayLib_2010\Debug\link.3588.write.1.tlog
C:\Users\Marcelo\Desktop\PlayLib_2010\PlayLib_2010\Debug\link.3588-cvtres.read.1.tlog
C:\Users\Marcelo\Desktop\PlayLib_2010\PlayLib_2010\Debug\link.3588-cvtres.write.1.tlog
C:\Users\Marcelo\Desktop\PlayLib_2010\PlayLib_2010\Debug\link.360.read.1.tlog
C:\Users\Marcelo\Desktop\PlayLib_2010\PlayLib_2010\Debug\link.360.write.1.tlog
C:\Users\Marcelo\Desktop\PlayLib_2010\PlayLib_2010\Debug\link.360-cvtres.read.1.tlog
C:\Users\Marcelo\Desktop\PlayLib_2010\PlayLib_2010\Debug\link.360-cvtres.write.1.tlog
C:\Users\Marcelo\Desktop\PlayLib_2010\PlayLib_2010\Debug\link.3624.read.1.tlog
C:\Users\Marcelo\Desktop\PlayLib_2010\PlayLib_2010\Debug\link.3624.write.1.tlog
C:\Users\Marcelo\Desktop\PlayLib_2010\PlayLib_2010\Debug\link.3676.read.1.tlog
C:\Users\Marcelo\Desktop\PlayLib_2010\PlayLib_2010\Debug\link.3676.write.1.tlog
C:\Users\Marcelo\Desktop\PlayLib_2010\PlayLib_2010\Debug\link.3676-cvtres.read.1.tlog
C:\Users\Marcelo\Desktop\PlayLib_2010\PlayLib_2010\Debug\link.3676-cvtres.write.1.tlog
C:\Users\Marcelo\Desktop\PlayLib_2010\PlayLib_2010\Debug\link.3712.read.1.tlog
C:\Users\Marcelo\Desktop\PlayLib_2010\PlayLib_2010\Debug\link.3712.write.1.tlog
C:\Users\Marcelo\Desktop\PlayLib_2010\PlayLib_2010\Debug\link.3712-cvtres.read.1.tlog
C:\Users\Marcelo\Desktop\PlayLib_2010\PlayLib_2010\Debug\link.3712-cvtres.write.1.tlog
C:\Users\Marcelo\Desktop\PlayLib_2010\PlayLib_2010\Debug\link.372.read.1.tlog
C:\Users\Marcelo\Desktop\PlayLib_2010\PlayLib_2010\Debug\link.372.write.1.tlog
C:\Users\Marcelo\Desktop\PlayLib_2010\PlayLib_2010\Debug\link.372-cvtres.read.1.tlog
C:\Users\Marcelo\Desktop\PlayLib_2010\PlayLib_2010\Debug\link.372-cvtres.write.1.tlog
C:\Users\Marcelo\Desktop\PlayLib_2010\PlayLib_2010\Debug\link.3912.read.1.tlog
C:\Users\Marcelo\Desktop\PlayLib_2010\PlayLib_2010\Debug\link.3912.write.1.tlog
C:\Users\Marcelo\Desktop\PlayLib_2010\PlayLib_2010\Debug\link.3912-cvtres.read.1.tlog
C:\Users\Marcelo\Desktop\PlayLib_2010\PlayLib_2010\Debug\link.3912-cvtres.write.1.tlog
C:\Users\Marcelo\Desktop\PlayLib_2010\PlayLib_2010\Debug\link.3932.read.1.tlog
C:\Users\Marcelo\Desktop\PlayLib_2010\PlayLib_2010\Debug\link.3932.write.1.tlog
C:\Users\Marcelo\Desktop\PlayLib_2010\PlayLib_2010\Debug\link.3952.read.1.tlog
C:\Users\Marcelo\Desktop\PlayLib_2010\PlayLib_2010\Debug\link.3952.write.1.tlog
C:\Users\Marcelo\Desktop\PlayLib_2010\PlayLib_2010\Debug\link.4160.read.1.tlog
C:\Users\Marcelo\Desktop\PlayLib_2010\PlayLib_2010\Debug\link.4160.write.1.tlog
C:\Users\Marcelo\Desktop\PlayLib_2010\PlayLib_2010\Debug\link.4160-cvtres.read.1.tlog
C:\Users\Marcelo\Desktop\PlayLib_2010\PlayLib_2010\Debug\link.4160-cvtres.write.1.tlog
C:\Users\Marcelo\Desktop\PlayLib_2010\PlayLib_2010\Debug\link.4400.read.1.tlog
C:\Users\Marcelo\Desktop\PlayLib_2010\PlayLib_2010\Debug\link.4400.write.1.tlog
C:\Users\Marcelo\Desktop\PlayLib_2010\PlayLib_2010\Debug\link.4400-cvtres.read.1.tlog
C:\Users\Marcelo\Desktop\PlayLib_2010\PlayLib_2010\Debug\link.4400-cvtres.write.1.tlog
C:\Users\Marcelo\Desktop\PlayLib_2010\PlayLib_2010\Debug\link.4768.read.1.tlog
C:\Users\Marcelo\Desktop\PlayLib_2010\PlayLib_2010\Debug\link.4768.write.1.tlog
C:\Users\Marcelo\Desktop\PlayLib_2010\PlayLib_2010\Debug\link.4768-cvtres.read.1.tlog
C:\Users\Marcelo\Desktop\PlayLib_2010\PlayLib_2010\Debug\link.4768-cvtres.write.1.tlog
C:\Users\Marcelo\Desktop\PlayLib_2010\PlayLib_2010\Debug\link.4848.read.1.tlog
C:\Users\Marcelo\Desktop\PlayLib_2010\PlayLib_2010\Debug\link.4848.write.1.tlog
C:\Users\Marcelo\Desktop\PlayLib_2010\PlayLib_2010\Debug\link.4848-cvtres.read.1.tlog
C:\Users\Marcelo\Desktop\PlayLib_2010\PlayLib_2010\Debug\link.4848-cvtres.write.1.tlog
C:\Users\Marcelo\Desktop\PlayLib_2010\PlayLib_2010\Debug\link.916.read.1.tlog
C:\Users\Marcelo\Desktop\PlayLib_2010\PlayLib_2010\Debug\link.916.write.1.tlog
C:\Users\Marcelo\Desktop\PlayLib_2010\PlayLib_2010\Debug\link.924.read.1.tlog
C:\Users\Marcelo\Desktop\PlayLib_2010\PlayLib_2010\Debug\link.924.write.1.tlog
C:\Users\Marcelo\Desktop\PlayLib_2010\PlayLib_2010\Debug\link.command.1.tlog
C:\Users\Marcelo\Desktop\PlayLib_2010\PlayLib_2010\Debug\link.read.1.tlog
C:\Users\Marcelo\Desktop\PlayLib_2010\PlayLib_2010\Debug\link.write.1.tlog
C:\USERS\MARCELO\DESKTOP\PLAYLIB_2010\PLAYLIB_2010\DEBUG\MAIN.OBJ
C:\Users\Marcelo\Desktop\PlayLib_2010\PlayLib_2010\Debug\mt.command.1.tlog
C:\Users\Marcelo\Desktop\PlayLib_2010\PlayLib_2010\Debug\mt.read.1.tlog
C:\Users\Marcelo\Desktop\PlayLib_2010\PlayLib_2010\Debug\mt.write.1.tlog
C:\Users\Marcelo\Desktop\PlayLib_2010\PlayLib_2010\Debug\PlayLib_2010.exe.embed.manifest
C:\USERS\MARCELO\DESKTOP\PLAYLIB_2010\PLAYLIB_2010\DEBUG\PLAYLIB_2010.EXE.EMBED.MANIFEST.RES
C:\Users\Marcelo\Desktop\PlayLib_2010\PlayLib_2010\Debug\PlayLib_2010.exe.intermediate.manifest
C:\Users\Marcelo\Desktop\PlayLib_2010\PlayLib_2010\Debug\PlayLib_2010.ilk
C:\Users\Marcelo\Desktop\PlayLib_2010\PlayLib_2010\Debug\PlayLib_2010.pdb
C:\Users\Marcelo\Desktop\PlayLib_2010\PlayLib_2010\Debug\PlayLib_2010.vcxprojResolveAssemblyReference.cache
C:\Users\Marcelo\Desktop\PlayLib_2010\PlayLib_2010\Debug\PlayLib_2010.write.1.tlog
C:\Users\Marcelo\Desktop\PlayLib_2010\PlayLib_2010\Debug\PlayLib_2010_manifest.rc
C:\Users\Marcelo\Desktop\PlayLib_2010\PlayLib_2010\Debug\rc.command.1.tlog
C:\Users\Marcelo\Desktop\PlayLib_2010\PlayLib_2010\Debug\rc.read.1.tlog
C:\Users\Marcelo\Desktop\PlayLib_2010\PlayLib_2010\Debug\rc.write.1.tlog
C:\Users\Marcelo\Desktop\PlayLib_2010\PlayLib_2010\Debug\vc100.idb
C:\USERS\MARCELO\DESKTOP\PLAYLIB_2010\PLAYLIB_2010\DEBUG\VC100.PDB
