Build started 09/12/2015 10:17:34.
     1>Project "C:\Users\Notebook\Desktop\Run Out\PlayLib_2010.vcxproj" on node 2 (build target(s)).
     1>InitializeBuildStatus:
         Creating "Debug\PlayLib_2010.unsuccessfulbuild" because "AlwaysCreate" was specified.
       ClCompile:
         c:\Program Files (x86)\Microsoft Visual Studio 10.0\VC\bin\CL.exe /c /Zi /nologo /W3 /WX- /Od /Oy- /D WIN32 /D _DEBUG /D _CONSOLE /D _UNICODE /D UNICODE /Gm /EHsc /RTC1 /MDd /GS /fp:precise /Zc:wchar_t /Zc:forScope /Fo"Debug\\" /Fd"Debug\vc100.pdb" /Gd /TP /analyze- /errorReport:prompt run_out2.cpp
         run_out2.cpp
     1>run_out2.cpp(994): warning C4305: '=' : truncation from 'double' to 'float'
     1>run_out2.cpp(1014): warning C4305: '=' : truncation from 'double' to 'float'
     1>run_out2.cpp(1791): warning C4244: 'argument' : conversion from 'float' to 'int', possible loss of data
     1>run_out2.cpp(1791): warning C4244: 'argument' : conversion from 'float' to 'int', possible loss of data
     1>run_out2.cpp(1843): warning C4244: 'argument' : conversion from 'float' to 'int', possible loss of data
     1>run_out2.cpp(1843): warning C4244: 'argument' : conversion from 'float' to 'int', possible loss of data
     1>run_out2.cpp(2079): warning C4244: 'argument' : conversion from 'float' to 'int', possible loss of data
     1>run_out2.cpp(2079): warning C4244: 'argument' : conversion from 'float' to 'int', possible loss of data
     1>run_out2.cpp(2091): warning C4244: 'argument' : conversion from 'float' to 'int', possible loss of data
     1>run_out2.cpp(2091): warning C4244: 'argument' : conversion from 'float' to 'int', possible loss of data
     1>run_out2.cpp(2250): warning C4244: 'argument' : conversion from 'float' to 'int', possible loss of data
     1>run_out2.cpp(2250): warning C4244: 'argument' : conversion from 'float' to 'int', possible loss of data
     1>run_out2.cpp(2250): warning C4244: 'argument' : conversion from 'float' to 'int', possible loss of data
     1>run_out2.cpp(2250): warning C4244: 'argument' : conversion from 'float' to 'int', possible loss of data
     1>run_out2.cpp(2250): warning C4244: 'argument' : conversion from 'float' to 'int', possible loss of data
     1>run_out2.cpp(2250): warning C4244: 'argument' : conversion from 'float' to 'int', possible loss of data
     1>run_out2.cpp(2262): warning C4244: 'argument' : conversion from 'float' to 'int', possible loss of data
     1>run_out2.cpp(2262): warning C4244: 'argument' : conversion from 'float' to 'int', possible loss of data
     1>run_out2.cpp(2262): warning C4244: 'argument' : conversion from 'float' to 'int', possible loss of data
     1>run_out2.cpp(2262): warning C4244: 'argument' : conversion from 'float' to 'int', possible loss of data
     1>run_out2.cpp(2262): warning C4244: 'argument' : conversion from 'float' to 'int', possible loss of data
     1>run_out2.cpp(2262): warning C4244: 'argument' : conversion from 'float' to 'int', possible loss of data
     1>run_out2.cpp(2303): warning C4244: 'argument' : conversion from 'float' to 'int', possible loss of data
     1>run_out2.cpp(2303): warning C4244: 'argument' : conversion from 'float' to 'int', possible loss of data
     1>run_out2.cpp(2754): warning C4996: 'fopen': This function or variable may be unsafe. Consider using fopen_s instead. To disable deprecation, use _CRT_SECURE_NO_WARNINGS. See online help for details.
                 c:\Program Files (x86)\Microsoft Visual Studio 10.0\VC\include\stdio.h(234) : see declaration of 'fopen'
       ManifestResourceCompile:
         All outputs are up-to-date.
       Link:
         c:\Program Files (x86)\Microsoft Visual Studio 10.0\VC\bin\link.exe /ERRORREPORT:PROMPT /OUT:"C:\Users\Notebook\Desktop\Run Out\Debug\PlayLib_2010.exe" /INCREMENTAL /NOLOGO PlayLib.lib kernel32.lib user32.lib gdi32.lib winspool.lib comdlg32.lib advapi32.lib shell32.lib ole32.lib oleaut32.lib uuid.lib odbc32.lib odbccp32.lib /MANIFEST /ManifestFile:"Debug\PlayLib_2010.exe.intermediate.manifest" /MANIFESTUAC:"level='asInvoker' uiAccess='false'" /DEBUG /PDB:"C:\Users\Notebook\Desktop\Run Out\Debug\PlayLib_2010.pdb" /SUBSYSTEM:CONSOLE /TLBID:1 /DYNAMICBASE /NXCOMPAT /IMPLIB:"C:\Users\Notebook\Desktop\Run Out\Debug\PlayLib_2010.lib" /MACHINE:X86 Debug\PlayLib_2010.exe.embed.manifest.res
         Debug\Keyboard.obj
         Debug\Maps.obj
         Debug\run_out2.obj
         Debug\Auxiliar.obj
         Debug\Mouse.obj
         PlayLib.lib
         PlayLibd.lib
         PlayLib.lib(Graphics.obj) : MSIL .netmodule or module compiled with /GL found; restarting link with /LTCG; add /LTCG to the link command line to improve linker performance
     1>LINK : warning LNK4075: ignoring '/INCREMENTAL' due to '/LTCG' specification
     1>LINK : warning LNK4098: defaultlib 'MSVCRT' conflicts with use of other libs; use /NODEFAULTLIB:library
         Generating code
         Finished generating code
     1>PlayLib.lib(Graphics.obj) : warning LNK4204: 'C:\Users\Notebook\Desktop\Run Out\Debug\vc100.pdb' is missing debugging information for referencing module; linking object as if no debug info
     1>PlayLib.lib(Audio.obj) : warning LNK4204: 'C:\Users\Notebook\Desktop\Run Out\Debug\vc100.pdb' is missing debugging information for referencing module; linking object as if no debug info
     1>PlayLib.lib(stb_image.obj) : warning LNK4204: 'C:\Users\Notebook\Desktop\Run Out\Debug\vc100.pdb' is missing debugging information for referencing module; linking object as if no debug info
       Manifest:
         C:\Program Files (x86)\Microsoft SDKs\Windows\v7.0A\bin\mt.exe /nologo /verbose /out:"Debug\PlayLib_2010.exe.embed.manifest" /manifest Debug\PlayLib_2010.exe.intermediate.manifest
         All outputs are up-to-date.
       LinkEmbedManifest:
         All outputs are up-to-date.
         PlayLib_2010.vcxproj -> C:\Users\Notebook\Desktop\Run Out\Debug\PlayLib_2010.exe
       FinalizeBuildStatus:
         Deleting file "Debug\PlayLib_2010.unsuccessfulbuild".
         Touching "Debug\PlayLib_2010.lastbuildstate".
     1>Done Building Project "C:\Users\Notebook\Desktop\Run Out\PlayLib_2010.vcxproj" (build target(s)).

Build succeeded.

Time Elapsed 00:00:05.28
