C:\USERS\NOTEBOOK\DESKTOP\PLAYLIB_2010 - COPIA - COPIA\DEBUG\AUXILIAR.OBJ
C:\Users\Notebook\Desktop\PlayLib_2010 - Copia - Copia\Debug\cl.command.1.tlog
C:\Users\Notebook\Desktop\PlayLib_2010 - Copia - Copia\Debug\CL.read.1.tlog
C:\Users\Notebook\Desktop\PlayLib_2010 - Copia - Copia\Debug\CL.write.1.tlog
C:\USERS\NOTEBOOK\DESKTOP\PLAYLIB_2010 - COPIA - COPIA\DEBUG\KEYBOARD.OBJ
C:\Users\Notebook\Desktop\PlayLib_2010 - Copia - Copia\Debug\link.1072.read.1.tlog
C:\Users\Notebook\Desktop\PlayLib_2010 - Copia - Copia\Debug\link.1072.write.1.tlog
C:\Users\Notebook\Desktop\PlayLib_2010 - Copia - Copia\Debug\link.1072-cvtres.read.1.tlog
C:\Users\Notebook\Desktop\PlayLib_2010 - Copia - Copia\Debug\link.1072-cvtres.write.1.tlog
C:\Users\Notebook\Desktop\PlayLib_2010 - Copia - Copia\Debug\link.1080.read.1.tlog
C:\Users\Notebook\Desktop\PlayLib_2010 - Copia - Copia\Debug\link.1080.write.1.tlog
C:\Users\Notebook\Desktop\PlayLib_2010 - Copia - Copia\Debug\link.1080-cvtres.read.1.tlog
C:\Users\Notebook\Desktop\PlayLib_2010 - Copia - Copia\Debug\link.1080-cvtres.write.1.tlog
C:\Users\Notebook\Desktop\PlayLib_2010 - Copia - Copia\Debug\link.1172.read.1.tlog
C:\Users\Notebook\Desktop\PlayLib_2010 - Copia - Copia\Debug\link.1172.write.1.tlog
C:\Users\Notebook\Desktop\PlayLib_2010 - Copia - Copia\Debug\link.1172-cvtres.read.1.tlog
C:\Users\Notebook\Desktop\PlayLib_2010 - Copia - Copia\Debug\link.1172-cvtres.write.1.tlog
C:\Users\Notebook\Desktop\PlayLib_2010 - Copia - Copia\Debug\link.1176.read.1.tlog
C:\Users\Notebook\Desktop\PlayLib_2010 - Copia - Copia\Debug\link.1176.write.1.tlog
C:\Users\Notebook\Desktop\PlayLib_2010 - Copia - Copia\Debug\link.1176-cvtres.read.1.tlog
C:\Users\Notebook\Desktop\PlayLib_2010 - Copia - Copia\Debug\link.1176-cvtres.write.1.tlog
C:\Users\Notebook\Desktop\PlayLib_2010 - Copia - Copia\Debug\link.1180.read.1.tlog
C:\Users\Notebook\Desktop\PlayLib_2010 - Copia - Copia\Debug\link.1180.write.1.tlog
C:\Users\Notebook\Desktop\PlayLib_2010 - Copia - Copia\Debug\link.1180-cvtres.read.1.tlog
C:\Users\Notebook\Desktop\PlayLib_2010 - Copia - Copia\Debug\link.1180-cvtres.write.1.tlog
C:\Users\Notebook\Desktop\PlayLib_2010 - Copia - Copia\Debug\link.1464.read.1.tlog
C:\Users\Notebook\Desktop\PlayLib_2010 - Copia - Copia\Debug\link.1464.write.1.tlog
C:\Users\Notebook\Desktop\PlayLib_2010 - Copia - Copia\Debug\link.1464-cvtres.read.1.tlog
C:\Users\Notebook\Desktop\PlayLib_2010 - Copia - Copia\Debug\link.1464-cvtres.write.1.tlog
C:\Users\Notebook\Desktop\PlayLib_2010 - Copia - Copia\Debug\link.1652.read.1.tlog
C:\Users\Notebook\Desktop\PlayLib_2010 - Copia - Copia\Debug\link.1652.write.1.tlog
C:\Users\Notebook\Desktop\PlayLib_2010 - Copia - Copia\Debug\link.1652-cvtres.read.1.tlog
C:\Users\Notebook\Desktop\PlayLib_2010 - Copia - Copia\Debug\link.1652-cvtres.write.1.tlog
C:\Users\Notebook\Desktop\PlayLib_2010 - Copia - Copia\Debug\link.176.read.1.tlog
C:\Users\Notebook\Desktop\PlayLib_2010 - Copia - Copia\Debug\link.176.write.1.tlog
C:\Users\Notebook\Desktop\PlayLib_2010 - Copia - Copia\Debug\link.176-cvtres.read.1.tlog
C:\Users\Notebook\Desktop\PlayLib_2010 - Copia - Copia\Debug\link.176-cvtres.write.1.tlog
C:\Users\Notebook\Desktop\PlayLib_2010 - Copia - Copia\Debug\link.1824.read.1.tlog
C:\Users\Notebook\Desktop\PlayLib_2010 - Copia - Copia\Debug\link.1824.write.1.tlog
C:\Users\Notebook\Desktop\PlayLib_2010 - Copia - Copia\Debug\link.1824-cvtres.read.1.tlog
C:\Users\Notebook\Desktop\PlayLib_2010 - Copia - Copia\Debug\link.1824-cvtres.write.1.tlog
C:\Users\Notebook\Desktop\PlayLib_2010 - Copia - Copia\Debug\link.1888.read.1.tlog
C:\Users\Notebook\Desktop\PlayLib_2010 - Copia - Copia\Debug\link.1888.write.1.tlog
C:\Users\Notebook\Desktop\PlayLib_2010 - Copia - Copia\Debug\link.1888-cvtres.read.1.tlog
C:\Users\Notebook\Desktop\PlayLib_2010 - Copia - Copia\Debug\link.1888-cvtres.write.1.tlog
C:\Users\Notebook\Desktop\PlayLib_2010 - Copia - Copia\Debug\link.192.read.1.tlog
C:\Users\Notebook\Desktop\PlayLib_2010 - Copia - Copia\Debug\link.192.write.1.tlog
C:\Users\Notebook\Desktop\PlayLib_2010 - Copia - Copia\Debug\link.192-cvtres.read.1.tlog
C:\Users\Notebook\Desktop\PlayLib_2010 - Copia - Copia\Debug\link.192-cvtres.write.1.tlog
C:\Users\Notebook\Desktop\PlayLib_2010 - Copia - Copia\Debug\link.2036.read.1.tlog
C:\Users\Notebook\Desktop\PlayLib_2010 - Copia - Copia\Debug\link.2036.write.1.tlog
C:\Users\Notebook\Desktop\PlayLib_2010 - Copia - Copia\Debug\link.2036-cvtres.read.1.tlog
C:\Users\Notebook\Desktop\PlayLib_2010 - Copia - Copia\Debug\link.2036-cvtres.write.1.tlog
C:\Users\Notebook\Desktop\PlayLib_2010 - Copia - Copia\Debug\link.2100.read.1.tlog
C:\Users\Notebook\Desktop\PlayLib_2010 - Copia - Copia\Debug\link.2100.write.1.tlog
C:\Users\Notebook\Desktop\PlayLib_2010 - Copia - Copia\Debug\link.2100-cvtres.read.1.tlog
C:\Users\Notebook\Desktop\PlayLib_2010 - Copia - Copia\Debug\link.2100-cvtres.write.1.tlog
C:\Users\Notebook\Desktop\PlayLib_2010 - Copia - Copia\Debug\link.2132.read.1.tlog
C:\Users\Notebook\Desktop\PlayLib_2010 - Copia - Copia\Debug\link.2132.write.1.tlog
C:\Users\Notebook\Desktop\PlayLib_2010 - Copia - Copia\Debug\link.2132-cvtres.read.1.tlog
C:\Users\Notebook\Desktop\PlayLib_2010 - Copia - Copia\Debug\link.2132-cvtres.write.1.tlog
C:\Users\Notebook\Desktop\PlayLib_2010 - Copia - Copia\Debug\link.2156.read.1.tlog
C:\Users\Notebook\Desktop\PlayLib_2010 - Copia - Copia\Debug\link.2156.write.1.tlog
C:\Users\Notebook\Desktop\PlayLib_2010 - Copia - Copia\Debug\link.2156-cvtres.read.1.tlog
C:\Users\Notebook\Desktop\PlayLib_2010 - Copia - Copia\Debug\link.2156-cvtres.write.1.tlog
C:\Users\Notebook\Desktop\PlayLib_2010 - Copia - Copia\Debug\link.2160.read.1.tlog
C:\Users\Notebook\Desktop\PlayLib_2010 - Copia - Copia\Debug\link.2160.write.1.tlog
C:\Users\Notebook\Desktop\PlayLib_2010 - Copia - Copia\Debug\link.2160-cvtres.read.1.tlog
C:\Users\Notebook\Desktop\PlayLib_2010 - Copia - Copia\Debug\link.2160-cvtres.write.1.tlog
C:\Users\Notebook\Desktop\PlayLib_2010 - Copia - Copia\Debug\link.2212.read.1.tlog
C:\Users\Notebook\Desktop\PlayLib_2010 - Copia - Copia\Debug\link.2212.write.1.tlog
C:\Users\Notebook\Desktop\PlayLib_2010 - Copia - Copia\Debug\link.2212-cvtres.read.1.tlog
C:\Users\Notebook\Desktop\PlayLib_2010 - Copia - Copia\Debug\link.2212-cvtres.write.1.tlog
C:\Users\Notebook\Desktop\PlayLib_2010 - Copia - Copia\Debug\link.2336.read.1.tlog
C:\Users\Notebook\Desktop\PlayLib_2010 - Copia - Copia\Debug\link.2336.write.1.tlog
C:\Users\Notebook\Desktop\PlayLib_2010 - Copia - Copia\Debug\link.2336-cvtres.read.1.tlog
C:\Users\Notebook\Desktop\PlayLib_2010 - Copia - Copia\Debug\link.2336-cvtres.write.1.tlog
C:\Users\Notebook\Desktop\PlayLib_2010 - Copia - Copia\Debug\link.2392.read.1.tlog
C:\Users\Notebook\Desktop\PlayLib_2010 - Copia - Copia\Debug\link.2392.write.1.tlog
C:\Users\Notebook\Desktop\PlayLib_2010 - Copia - Copia\Debug\link.2392-cvtres.read.1.tlog
C:\Users\Notebook\Desktop\PlayLib_2010 - Copia - Copia\Debug\link.2392-cvtres.write.1.tlog
C:\Users\Notebook\Desktop\PlayLib_2010 - Copia - Copia\Debug\link.2492.read.1.tlog
C:\Users\Notebook\Desktop\PlayLib_2010 - Copia - Copia\Debug\link.2492.write.1.tlog
C:\Users\Notebook\Desktop\PlayLib_2010 - Copia - Copia\Debug\link.2492-cvtres.read.1.tlog
C:\Users\Notebook\Desktop\PlayLib_2010 - Copia - Copia\Debug\link.2492-cvtres.write.1.tlog
C:\Users\Notebook\Desktop\PlayLib_2010 - Copia - Copia\Debug\link.2524.read.1.tlog
C:\Users\Notebook\Desktop\PlayLib_2010 - Copia - Copia\Debug\link.2524.write.1.tlog
C:\Users\Notebook\Desktop\PlayLib_2010 - Copia - Copia\Debug\link.2524-cvtres.read.1.tlog
C:\Users\Notebook\Desktop\PlayLib_2010 - Copia - Copia\Debug\link.2524-cvtres.write.1.tlog
C:\Users\Notebook\Desktop\PlayLib_2010 - Copia - Copia\Debug\link.2664.read.1.tlog
C:\Users\Notebook\Desktop\PlayLib_2010 - Copia - Copia\Debug\link.2664.write.1.tlog
C:\Users\Notebook\Desktop\PlayLib_2010 - Copia - Copia\Debug\link.2664-cvtres.read.1.tlog
C:\Users\Notebook\Desktop\PlayLib_2010 - Copia - Copia\Debug\link.2664-cvtres.write.1.tlog
C:\Users\Notebook\Desktop\PlayLib_2010 - Copia - Copia\Debug\link.2688.read.1.tlog
C:\Users\Notebook\Desktop\PlayLib_2010 - Copia - Copia\Debug\link.2688.write.1.tlog
C:\Users\Notebook\Desktop\PlayLib_2010 - Copia - Copia\Debug\link.2688-cvtres.read.1.tlog
C:\Users\Notebook\Desktop\PlayLib_2010 - Copia - Copia\Debug\link.2688-cvtres.write.1.tlog
C:\Users\Notebook\Desktop\PlayLib_2010 - Copia - Copia\Debug\link.2696.read.1.tlog
C:\Users\Notebook\Desktop\PlayLib_2010 - Copia - Copia\Debug\link.2696.write.1.tlog
C:\Users\Notebook\Desktop\PlayLib_2010 - Copia - Copia\Debug\link.2696-cvtres.read.1.tlog
C:\Users\Notebook\Desktop\PlayLib_2010 - Copia - Copia\Debug\link.2696-cvtres.write.1.tlog
C:\Users\Notebook\Desktop\PlayLib_2010 - Copia - Copia\Debug\link.2704.read.1.tlog
C:\Users\Notebook\Desktop\PlayLib_2010 - Copia - Copia\Debug\link.2704.write.1.tlog
C:\Users\Notebook\Desktop\PlayLib_2010 - Copia - Copia\Debug\link.2704-cvtres.read.1.tlog
C:\Users\Notebook\Desktop\PlayLib_2010 - Copia - Copia\Debug\link.2704-cvtres.write.1.tlog
C:\Users\Notebook\Desktop\PlayLib_2010 - Copia - Copia\Debug\link.2732.read.1.tlog
C:\Users\Notebook\Desktop\PlayLib_2010 - Copia - Copia\Debug\link.2732.write.1.tlog
C:\Users\Notebook\Desktop\PlayLib_2010 - Copia - Copia\Debug\link.2732-cvtres.read.1.tlog
C:\Users\Notebook\Desktop\PlayLib_2010 - Copia - Copia\Debug\link.2732-cvtres.write.1.tlog
C:\Users\Notebook\Desktop\PlayLib_2010 - Copia - Copia\Debug\link.2804.read.1.tlog
C:\Users\Notebook\Desktop\PlayLib_2010 - Copia - Copia\Debug\link.2804.write.1.tlog
C:\Users\Notebook\Desktop\PlayLib_2010 - Copia - Copia\Debug\link.2804-cvtres.read.1.tlog
C:\Users\Notebook\Desktop\PlayLib_2010 - Copia - Copia\Debug\link.2804-cvtres.write.1.tlog
C:\Users\Notebook\Desktop\PlayLib_2010 - Copia - Copia\Debug\link.2852.read.1.tlog
C:\Users\Notebook\Desktop\PlayLib_2010 - Copia - Copia\Debug\link.2852.write.1.tlog
C:\Users\Notebook\Desktop\PlayLib_2010 - Copia - Copia\Debug\link.2852-cvtres.read.1.tlog
C:\Users\Notebook\Desktop\PlayLib_2010 - Copia - Copia\Debug\link.2852-cvtres.write.1.tlog
C:\Users\Notebook\Desktop\PlayLib_2010 - Copia - Copia\Debug\link.300.read.1.tlog
C:\Users\Notebook\Desktop\PlayLib_2010 - Copia - Copia\Debug\link.300.write.1.tlog
C:\Users\Notebook\Desktop\PlayLib_2010 - Copia - Copia\Debug\link.3000.read.1.tlog
C:\Users\Notebook\Desktop\PlayLib_2010 - Copia - Copia\Debug\link.3000.write.1.tlog
C:\Users\Notebook\Desktop\PlayLib_2010 - Copia - Copia\Debug\link.3000-cvtres.read.1.tlog
C:\Users\Notebook\Desktop\PlayLib_2010 - Copia - Copia\Debug\link.3000-cvtres.write.1.tlog
C:\Users\Notebook\Desktop\PlayLib_2010 - Copia - Copia\Debug\link.300-cvtres.read.1.tlog
C:\Users\Notebook\Desktop\PlayLib_2010 - Copia - Copia\Debug\link.300-cvtres.write.1.tlog
C:\Users\Notebook\Desktop\PlayLib_2010 - Copia - Copia\Debug\link.3012.read.1.tlog
C:\Users\Notebook\Desktop\PlayLib_2010 - Copia - Copia\Debug\link.3012.write.1.tlog
C:\Users\Notebook\Desktop\PlayLib_2010 - Copia - Copia\Debug\link.3012-cvtres.read.1.tlog
C:\Users\Notebook\Desktop\PlayLib_2010 - Copia - Copia\Debug\link.3012-cvtres.write.1.tlog
C:\Users\Notebook\Desktop\PlayLib_2010 - Copia - Copia\Debug\link.3020.read.1.tlog
C:\Users\Notebook\Desktop\PlayLib_2010 - Copia - Copia\Debug\link.3020.write.1.tlog
C:\Users\Notebook\Desktop\PlayLib_2010 - Copia - Copia\Debug\link.3020-cvtres.read.1.tlog
C:\Users\Notebook\Desktop\PlayLib_2010 - Copia - Copia\Debug\link.3020-cvtres.write.1.tlog
C:\Users\Notebook\Desktop\PlayLib_2010 - Copia - Copia\Debug\link.304.read.1.tlog
C:\Users\Notebook\Desktop\PlayLib_2010 - Copia - Copia\Debug\link.304.write.1.tlog
C:\Users\Notebook\Desktop\PlayLib_2010 - Copia - Copia\Debug\link.304-cvtres.read.1.tlog
C:\Users\Notebook\Desktop\PlayLib_2010 - Copia - Copia\Debug\link.304-cvtres.write.1.tlog
C:\Users\Notebook\Desktop\PlayLib_2010 - Copia - Copia\Debug\link.3064.read.1.tlog
C:\Users\Notebook\Desktop\PlayLib_2010 - Copia - Copia\Debug\link.3064.write.1.tlog
C:\Users\Notebook\Desktop\PlayLib_2010 - Copia - Copia\Debug\link.3064-cvtres.read.1.tlog
C:\Users\Notebook\Desktop\PlayLib_2010 - Copia - Copia\Debug\link.3064-cvtres.write.1.tlog
C:\Users\Notebook\Desktop\PlayLib_2010 - Copia - Copia\Debug\link.3076.read.1.tlog
C:\Users\Notebook\Desktop\PlayLib_2010 - Copia - Copia\Debug\link.3076.write.1.tlog
C:\Users\Notebook\Desktop\PlayLib_2010 - Copia - Copia\Debug\link.3076-cvtres.read.1.tlog
C:\Users\Notebook\Desktop\PlayLib_2010 - Copia - Copia\Debug\link.3076-cvtres.write.1.tlog
C:\Users\Notebook\Desktop\PlayLib_2010 - Copia - Copia\Debug\link.3120.read.1.tlog
C:\Users\Notebook\Desktop\PlayLib_2010 - Copia - Copia\Debug\link.3120.write.1.tlog
C:\Users\Notebook\Desktop\PlayLib_2010 - Copia - Copia\Debug\link.3120-cvtres.read.1.tlog
C:\Users\Notebook\Desktop\PlayLib_2010 - Copia - Copia\Debug\link.3120-cvtres.write.1.tlog
C:\Users\Notebook\Desktop\PlayLib_2010 - Copia - Copia\Debug\link.3168.read.1.tlog
C:\Users\Notebook\Desktop\PlayLib_2010 - Copia - Copia\Debug\link.3168.write.1.tlog
C:\Users\Notebook\Desktop\PlayLib_2010 - Copia - Copia\Debug\link.3168-cvtres.read.1.tlog
C:\Users\Notebook\Desktop\PlayLib_2010 - Copia - Copia\Debug\link.3168-cvtres.write.1.tlog
C:\Users\Notebook\Desktop\PlayLib_2010 - Copia - Copia\Debug\link.3204.read.1.tlog
C:\Users\Notebook\Desktop\PlayLib_2010 - Copia - Copia\Debug\link.3204.write.1.tlog
C:\Users\Notebook\Desktop\PlayLib_2010 - Copia - Copia\Debug\link.3204-cvtres.read.1.tlog
C:\Users\Notebook\Desktop\PlayLib_2010 - Copia - Copia\Debug\link.3204-cvtres.write.1.tlog
C:\Users\Notebook\Desktop\PlayLib_2010 - Copia - Copia\Debug\link.3344.read.1.tlog
C:\Users\Notebook\Desktop\PlayLib_2010 - Copia - Copia\Debug\link.3344.write.1.tlog
C:\Users\Notebook\Desktop\PlayLib_2010 - Copia - Copia\Debug\link.3344-cvtres.read.1.tlog
C:\Users\Notebook\Desktop\PlayLib_2010 - Copia - Copia\Debug\link.3344-cvtres.write.1.tlog
C:\Users\Notebook\Desktop\PlayLib_2010 - Copia - Copia\Debug\link.3428.read.1.tlog
C:\Users\Notebook\Desktop\PlayLib_2010 - Copia - Copia\Debug\link.3428.write.1.tlog
C:\Users\Notebook\Desktop\PlayLib_2010 - Copia - Copia\Debug\link.3428-cvtres.read.1.tlog
C:\Users\Notebook\Desktop\PlayLib_2010 - Copia - Copia\Debug\link.3428-cvtres.write.1.tlog
C:\Users\Notebook\Desktop\PlayLib_2010 - Copia - Copia\Debug\link.3444.read.1.tlog
C:\Users\Notebook\Desktop\PlayLib_2010 - Copia - Copia\Debug\link.3444.write.1.tlog
C:\Users\Notebook\Desktop\PlayLib_2010 - Copia - Copia\Debug\link.3444-cvtres.read.1.tlog
C:\Users\Notebook\Desktop\PlayLib_2010 - Copia - Copia\Debug\link.3444-cvtres.write.1.tlog
C:\Users\Notebook\Desktop\PlayLib_2010 - Copia - Copia\Debug\link.3448.read.1.tlog
C:\Users\Notebook\Desktop\PlayLib_2010 - Copia - Copia\Debug\link.3448.write.1.tlog
C:\Users\Notebook\Desktop\PlayLib_2010 - Copia - Copia\Debug\link.3448-cvtres.read.1.tlog
C:\Users\Notebook\Desktop\PlayLib_2010 - Copia - Copia\Debug\link.3448-cvtres.write.1.tlog
C:\Users\Notebook\Desktop\PlayLib_2010 - Copia - Copia\Debug\link.3472.read.1.tlog
C:\Users\Notebook\Desktop\PlayLib_2010 - Copia - Copia\Debug\link.3472.write.1.tlog
C:\Users\Notebook\Desktop\PlayLib_2010 - Copia - Copia\Debug\link.3472-cvtres.read.1.tlog
C:\Users\Notebook\Desktop\PlayLib_2010 - Copia - Copia\Debug\link.3472-cvtres.write.1.tlog
C:\Users\Notebook\Desktop\PlayLib_2010 - Copia - Copia\Debug\link.3488.read.1.tlog
C:\Users\Notebook\Desktop\PlayLib_2010 - Copia - Copia\Debug\link.3488.write.1.tlog
C:\Users\Notebook\Desktop\PlayLib_2010 - Copia - Copia\Debug\link.3488-cvtres.read.1.tlog
C:\Users\Notebook\Desktop\PlayLib_2010 - Copia - Copia\Debug\link.3488-cvtres.write.1.tlog
C:\Users\Notebook\Desktop\PlayLib_2010 - Copia - Copia\Debug\link.3504.read.1.tlog
C:\Users\Notebook\Desktop\PlayLib_2010 - Copia - Copia\Debug\link.3504.write.1.tlog
C:\Users\Notebook\Desktop\PlayLib_2010 - Copia - Copia\Debug\link.3504-cvtres.read.1.tlog
C:\Users\Notebook\Desktop\PlayLib_2010 - Copia - Copia\Debug\link.3504-cvtres.write.1.tlog
C:\Users\Notebook\Desktop\PlayLib_2010 - Copia - Copia\Debug\link.3508.read.1.tlog
C:\Users\Notebook\Desktop\PlayLib_2010 - Copia - Copia\Debug\link.3508.write.1.tlog
C:\Users\Notebook\Desktop\PlayLib_2010 - Copia - Copia\Debug\link.3508-cvtres.read.1.tlog
C:\Users\Notebook\Desktop\PlayLib_2010 - Copia - Copia\Debug\link.3508-cvtres.write.1.tlog
C:\Users\Notebook\Desktop\PlayLib_2010 - Copia - Copia\Debug\link.3688.read.1.tlog
C:\Users\Notebook\Desktop\PlayLib_2010 - Copia - Copia\Debug\link.3688.write.1.tlog
C:\Users\Notebook\Desktop\PlayLib_2010 - Copia - Copia\Debug\link.3688-cvtres.read.1.tlog
C:\Users\Notebook\Desktop\PlayLib_2010 - Copia - Copia\Debug\link.3688-cvtres.write.1.tlog
C:\Users\Notebook\Desktop\PlayLib_2010 - Copia - Copia\Debug\link.3748.read.1.tlog
C:\Users\Notebook\Desktop\PlayLib_2010 - Copia - Copia\Debug\link.3748.write.1.tlog
C:\Users\Notebook\Desktop\PlayLib_2010 - Copia - Copia\Debug\link.3748-cvtres.read.1.tlog
C:\Users\Notebook\Desktop\PlayLib_2010 - Copia - Copia\Debug\link.3748-cvtres.write.1.tlog
C:\Users\Notebook\Desktop\PlayLib_2010 - Copia - Copia\Debug\link.4000.read.1.tlog
C:\Users\Notebook\Desktop\PlayLib_2010 - Copia - Copia\Debug\link.4000.write.1.tlog
C:\Users\Notebook\Desktop\PlayLib_2010 - Copia - Copia\Debug\link.4000-cvtres.read.1.tlog
C:\Users\Notebook\Desktop\PlayLib_2010 - Copia - Copia\Debug\link.4000-cvtres.write.1.tlog
C:\Users\Notebook\Desktop\PlayLib_2010 - Copia - Copia\Debug\link.4128.read.1.tlog
C:\Users\Notebook\Desktop\PlayLib_2010 - Copia - Copia\Debug\link.4128.write.1.tlog
C:\Users\Notebook\Desktop\PlayLib_2010 - Copia - Copia\Debug\link.4128-cvtres.read.1.tlog
C:\Users\Notebook\Desktop\PlayLib_2010 - Copia - Copia\Debug\link.4128-cvtres.write.1.tlog
C:\Users\Notebook\Desktop\PlayLib_2010 - Copia - Copia\Debug\link.4132.read.1.tlog
C:\Users\Notebook\Desktop\PlayLib_2010 - Copia - Copia\Debug\link.4132.write.1.tlog
C:\Users\Notebook\Desktop\PlayLib_2010 - Copia - Copia\Debug\link.4132-cvtres.read.1.tlog
C:\Users\Notebook\Desktop\PlayLib_2010 - Copia - Copia\Debug\link.4132-cvtres.write.1.tlog
C:\Users\Notebook\Desktop\PlayLib_2010 - Copia - Copia\Debug\link.4184.read.1.tlog
C:\Users\Notebook\Desktop\PlayLib_2010 - Copia - Copia\Debug\link.4184.write.1.tlog
C:\Users\Notebook\Desktop\PlayLib_2010 - Copia - Copia\Debug\link.4184-cvtres.read.1.tlog
C:\Users\Notebook\Desktop\PlayLib_2010 - Copia - Copia\Debug\link.4184-cvtres.write.1.tlog
C:\Users\Notebook\Desktop\PlayLib_2010 - Copia - Copia\Debug\link.4188.read.1.tlog
C:\Users\Notebook\Desktop\PlayLib_2010 - Copia - Copia\Debug\link.4188.write.1.tlog
C:\Users\Notebook\Desktop\PlayLib_2010 - Copia - Copia\Debug\link.4188-cvtres.read.1.tlog
C:\Users\Notebook\Desktop\PlayLib_2010 - Copia - Copia\Debug\link.4188-cvtres.write.1.tlog
C:\Users\Notebook\Desktop\PlayLib_2010 - Copia - Copia\Debug\link.4252.read.1.tlog
C:\Users\Notebook\Desktop\PlayLib_2010 - Copia - Copia\Debug\link.4252.write.1.tlog
C:\Users\Notebook\Desktop\PlayLib_2010 - Copia - Copia\Debug\link.4252-cvtres.read.1.tlog
C:\Users\Notebook\Desktop\PlayLib_2010 - Copia - Copia\Debug\link.4252-cvtres.write.1.tlog
C:\Users\Notebook\Desktop\PlayLib_2010 - Copia - Copia\Debug\link.4284.read.1.tlog
C:\Users\Notebook\Desktop\PlayLib_2010 - Copia - Copia\Debug\link.4284.write.1.tlog
C:\Users\Notebook\Desktop\PlayLib_2010 - Copia - Copia\Debug\link.4284-cvtres.read.1.tlog
C:\Users\Notebook\Desktop\PlayLib_2010 - Copia - Copia\Debug\link.4284-cvtres.write.1.tlog
C:\Users\Notebook\Desktop\PlayLib_2010 - Copia - Copia\Debug\link.4324.read.1.tlog
C:\Users\Notebook\Desktop\PlayLib_2010 - Copia - Copia\Debug\link.4324.write.1.tlog
C:\Users\Notebook\Desktop\PlayLib_2010 - Copia - Copia\Debug\link.4324-cvtres.read.1.tlog
C:\Users\Notebook\Desktop\PlayLib_2010 - Copia - Copia\Debug\link.4324-cvtres.write.1.tlog
C:\Users\Notebook\Desktop\PlayLib_2010 - Copia - Copia\Debug\link.436.read.1.tlog
C:\Users\Notebook\Desktop\PlayLib_2010 - Copia - Copia\Debug\link.436.write.1.tlog
C:\Users\Notebook\Desktop\PlayLib_2010 - Copia - Copia\Debug\link.436-cvtres.read.1.tlog
C:\Users\Notebook\Desktop\PlayLib_2010 - Copia - Copia\Debug\link.436-cvtres.write.1.tlog
C:\Users\Notebook\Desktop\PlayLib_2010 - Copia - Copia\Debug\link.4376.read.1.tlog
C:\Users\Notebook\Desktop\PlayLib_2010 - Copia - Copia\Debug\link.4376.write.1.tlog
C:\Users\Notebook\Desktop\PlayLib_2010 - Copia - Copia\Debug\link.4376-cvtres.read.1.tlog
C:\Users\Notebook\Desktop\PlayLib_2010 - Copia - Copia\Debug\link.4376-cvtres.write.1.tlog
C:\Users\Notebook\Desktop\PlayLib_2010 - Copia - Copia\Debug\link.4408.read.1.tlog
C:\Users\Notebook\Desktop\PlayLib_2010 - Copia - Copia\Debug\link.4408.write.1.tlog
C:\Users\Notebook\Desktop\PlayLib_2010 - Copia - Copia\Debug\link.4408-cvtres.read.1.tlog
C:\Users\Notebook\Desktop\PlayLib_2010 - Copia - Copia\Debug\link.4408-cvtres.write.1.tlog
C:\Users\Notebook\Desktop\PlayLib_2010 - Copia - Copia\Debug\link.4412.read.1.tlog
C:\Users\Notebook\Desktop\PlayLib_2010 - Copia - Copia\Debug\link.4412.write.1.tlog
C:\Users\Notebook\Desktop\PlayLib_2010 - Copia - Copia\Debug\link.4412-cvtres.read.1.tlog
C:\Users\Notebook\Desktop\PlayLib_2010 - Copia - Copia\Debug\link.4412-cvtres.write.1.tlog
C:\Users\Notebook\Desktop\PlayLib_2010 - Copia - Copia\Debug\link.4448.read.1.tlog
C:\Users\Notebook\Desktop\PlayLib_2010 - Copia - Copia\Debug\link.4448.write.1.tlog
C:\Users\Notebook\Desktop\PlayLib_2010 - Copia - Copia\Debug\link.4448-cvtres.read.1.tlog
C:\Users\Notebook\Desktop\PlayLib_2010 - Copia - Copia\Debug\link.4448-cvtres.write.1.tlog
C:\Users\Notebook\Desktop\PlayLib_2010 - Copia - Copia\Debug\link.4476.read.1.tlog
C:\Users\Notebook\Desktop\PlayLib_2010 - Copia - Copia\Debug\link.4476.write.1.tlog
C:\Users\Notebook\Desktop\PlayLib_2010 - Copia - Copia\Debug\link.4476-cvtres.read.1.tlog
C:\Users\Notebook\Desktop\PlayLib_2010 - Copia - Copia\Debug\link.4476-cvtres.write.1.tlog
C:\Users\Notebook\Desktop\PlayLib_2010 - Copia - Copia\Debug\link.4504.read.1.tlog
C:\Users\Notebook\Desktop\PlayLib_2010 - Copia - Copia\Debug\link.4504.write.1.tlog
C:\Users\Notebook\Desktop\PlayLib_2010 - Copia - Copia\Debug\link.4504-cvtres.read.1.tlog
C:\Users\Notebook\Desktop\PlayLib_2010 - Copia - Copia\Debug\link.4504-cvtres.write.1.tlog
C:\Users\Notebook\Desktop\PlayLib_2010 - Copia - Copia\Debug\link.4620.read.1.tlog
C:\Users\Notebook\Desktop\PlayLib_2010 - Copia - Copia\Debug\link.4620.write.1.tlog
C:\Users\Notebook\Desktop\PlayLib_2010 - Copia - Copia\Debug\link.4620-cvtres.read.1.tlog
C:\Users\Notebook\Desktop\PlayLib_2010 - Copia - Copia\Debug\link.4620-cvtres.write.1.tlog
C:\Users\Notebook\Desktop\PlayLib_2010 - Copia - Copia\Debug\link.4644.read.1.tlog
C:\Users\Notebook\Desktop\PlayLib_2010 - Copia - Copia\Debug\link.4644.write.1.tlog
C:\Users\Notebook\Desktop\PlayLib_2010 - Copia - Copia\Debug\link.4644-cvtres.read.1.tlog
C:\Users\Notebook\Desktop\PlayLib_2010 - Copia - Copia\Debug\link.4644-cvtres.write.1.tlog
C:\Users\Notebook\Desktop\PlayLib_2010 - Copia - Copia\Debug\link.4660.read.1.tlog
C:\Users\Notebook\Desktop\PlayLib_2010 - Copia - Copia\Debug\link.4660.write.1.tlog
C:\Users\Notebook\Desktop\PlayLib_2010 - Copia - Copia\Debug\link.4660-cvtres.read.1.tlog
C:\Users\Notebook\Desktop\PlayLib_2010 - Copia - Copia\Debug\link.4660-cvtres.write.1.tlog
C:\Users\Notebook\Desktop\PlayLib_2010 - Copia - Copia\Debug\link.4664.read.1.tlog
C:\Users\Notebook\Desktop\PlayLib_2010 - Copia - Copia\Debug\link.4664.write.1.tlog
C:\Users\Notebook\Desktop\PlayLib_2010 - Copia - Copia\Debug\link.4664-cvtres.read.1.tlog
C:\Users\Notebook\Desktop\PlayLib_2010 - Copia - Copia\Debug\link.4664-cvtres.write.1.tlog
C:\Users\Notebook\Desktop\PlayLib_2010 - Copia - Copia\Debug\link.4676.read.1.tlog
C:\Users\Notebook\Desktop\PlayLib_2010 - Copia - Copia\Debug\link.4676.write.1.tlog
C:\Users\Notebook\Desktop\PlayLib_2010 - Copia - Copia\Debug\link.4676-cvtres.read.1.tlog
C:\Users\Notebook\Desktop\PlayLib_2010 - Copia - Copia\Debug\link.4676-cvtres.write.1.tlog
C:\Users\Notebook\Desktop\PlayLib_2010 - Copia - Copia\Debug\link.4724.read.1.tlog
C:\Users\Notebook\Desktop\PlayLib_2010 - Copia - Copia\Debug\link.4724.write.1.tlog
C:\Users\Notebook\Desktop\PlayLib_2010 - Copia - Copia\Debug\link.4724-cvtres.read.1.tlog
C:\Users\Notebook\Desktop\PlayLib_2010 - Copia - Copia\Debug\link.4724-cvtres.write.1.tlog
C:\Users\Notebook\Desktop\PlayLib_2010 - Copia - Copia\Debug\link.4728.read.1.tlog
C:\Users\Notebook\Desktop\PlayLib_2010 - Copia - Copia\Debug\link.4728.write.1.tlog
C:\Users\Notebook\Desktop\PlayLib_2010 - Copia - Copia\Debug\link.4728-cvtres.read.1.tlog
C:\Users\Notebook\Desktop\PlayLib_2010 - Copia - Copia\Debug\link.4728-cvtres.write.1.tlog
C:\Users\Notebook\Desktop\PlayLib_2010 - Copia - Copia\Debug\link.4772.read.1.tlog
C:\Users\Notebook\Desktop\PlayLib_2010 - Copia - Copia\Debug\link.4772.write.1.tlog
C:\Users\Notebook\Desktop\PlayLib_2010 - Copia - Copia\Debug\link.4772-cvtres.read.1.tlog
C:\Users\Notebook\Desktop\PlayLib_2010 - Copia - Copia\Debug\link.4772-cvtres.write.1.tlog
C:\Users\Notebook\Desktop\PlayLib_2010 - Copia - Copia\Debug\link.4788.read.1.tlog
C:\Users\Notebook\Desktop\PlayLib_2010 - Copia - Copia\Debug\link.4788.write.1.tlog
C:\Users\Notebook\Desktop\PlayLib_2010 - Copia - Copia\Debug\link.4788-cvtres.read.1.tlog
C:\Users\Notebook\Desktop\PlayLib_2010 - Copia - Copia\Debug\link.4788-cvtres.write.1.tlog
C:\Users\Notebook\Desktop\PlayLib_2010 - Copia - Copia\Debug\link.4792.read.1.tlog
C:\Users\Notebook\Desktop\PlayLib_2010 - Copia - Copia\Debug\link.4792.write.1.tlog
C:\Users\Notebook\Desktop\PlayLib_2010 - Copia - Copia\Debug\link.4792-cvtres.read.1.tlog
C:\Users\Notebook\Desktop\PlayLib_2010 - Copia - Copia\Debug\link.4792-cvtres.write.1.tlog
C:\Users\Notebook\Desktop\PlayLib_2010 - Copia - Copia\Debug\link.4824.read.1.tlog
C:\Users\Notebook\Desktop\PlayLib_2010 - Copia - Copia\Debug\link.4824.write.1.tlog
C:\Users\Notebook\Desktop\PlayLib_2010 - Copia - Copia\Debug\link.4824-cvtres.read.1.tlog
C:\Users\Notebook\Desktop\PlayLib_2010 - Copia - Copia\Debug\link.4824-cvtres.write.1.tlog
C:\Users\Notebook\Desktop\PlayLib_2010 - Copia - Copia\Debug\link.4904.read.1.tlog
C:\Users\Notebook\Desktop\PlayLib_2010 - Copia - Copia\Debug\link.4904.write.1.tlog
C:\Users\Notebook\Desktop\PlayLib_2010 - Copia - Copia\Debug\link.4904-cvtres.read.1.tlog
C:\Users\Notebook\Desktop\PlayLib_2010 - Copia - Copia\Debug\link.4904-cvtres.write.1.tlog
C:\Users\Notebook\Desktop\PlayLib_2010 - Copia - Copia\Debug\link.5008.read.1.tlog
C:\Users\Notebook\Desktop\PlayLib_2010 - Copia - Copia\Debug\link.5008.write.1.tlog
C:\Users\Notebook\Desktop\PlayLib_2010 - Copia - Copia\Debug\link.5008-cvtres.read.1.tlog
C:\Users\Notebook\Desktop\PlayLib_2010 - Copia - Copia\Debug\link.5008-cvtres.write.1.tlog
C:\Users\Notebook\Desktop\PlayLib_2010 - Copia - Copia\Debug\link.5024.read.1.tlog
C:\Users\Notebook\Desktop\PlayLib_2010 - Copia - Copia\Debug\link.5024.write.1.tlog
C:\Users\Notebook\Desktop\PlayLib_2010 - Copia - Copia\Debug\link.5024-cvtres.read.1.tlog
C:\Users\Notebook\Desktop\PlayLib_2010 - Copia - Copia\Debug\link.5024-cvtres.write.1.tlog
C:\Users\Notebook\Desktop\PlayLib_2010 - Copia - Copia\Debug\link.5028.read.1.tlog
C:\Users\Notebook\Desktop\PlayLib_2010 - Copia - Copia\Debug\link.5028.write.1.tlog
C:\Users\Notebook\Desktop\PlayLib_2010 - Copia - Copia\Debug\link.5028-cvtres.read.1.tlog
C:\Users\Notebook\Desktop\PlayLib_2010 - Copia - Copia\Debug\link.5028-cvtres.write.1.tlog
C:\Users\Notebook\Desktop\PlayLib_2010 - Copia - Copia\Debug\link.5040.read.1.tlog
C:\Users\Notebook\Desktop\PlayLib_2010 - Copia - Copia\Debug\link.5040.write.1.tlog
C:\Users\Notebook\Desktop\PlayLib_2010 - Copia - Copia\Debug\link.5040-cvtres.read.1.tlog
C:\Users\Notebook\Desktop\PlayLib_2010 - Copia - Copia\Debug\link.5040-cvtres.write.1.tlog
C:\Users\Notebook\Desktop\PlayLib_2010 - Copia - Copia\Debug\link.5052.read.1.tlog
C:\Users\Notebook\Desktop\PlayLib_2010 - Copia - Copia\Debug\link.5052.write.1.tlog
C:\Users\Notebook\Desktop\PlayLib_2010 - Copia - Copia\Debug\link.5052-cvtres.read.1.tlog
C:\Users\Notebook\Desktop\PlayLib_2010 - Copia - Copia\Debug\link.5052-cvtres.write.1.tlog
C:\Users\Notebook\Desktop\PlayLib_2010 - Copia - Copia\Debug\link.5084.read.1.tlog
C:\Users\Notebook\Desktop\PlayLib_2010 - Copia - Copia\Debug\link.5084.write.1.tlog
C:\Users\Notebook\Desktop\PlayLib_2010 - Copia - Copia\Debug\link.5084-cvtres.read.1.tlog
C:\Users\Notebook\Desktop\PlayLib_2010 - Copia - Copia\Debug\link.5084-cvtres.write.1.tlog
C:\Users\Notebook\Desktop\PlayLib_2010 - Copia - Copia\Debug\link.5092.read.1.tlog
C:\Users\Notebook\Desktop\PlayLib_2010 - Copia - Copia\Debug\link.5092.write.1.tlog
C:\Users\Notebook\Desktop\PlayLib_2010 - Copia - Copia\Debug\link.5092-cvtres.read.1.tlog
C:\Users\Notebook\Desktop\PlayLib_2010 - Copia - Copia\Debug\link.5092-cvtres.write.1.tlog
C:\Users\Notebook\Desktop\PlayLib_2010 - Copia - Copia\Debug\link.5100.read.1.tlog
C:\Users\Notebook\Desktop\PlayLib_2010 - Copia - Copia\Debug\link.5100.write.1.tlog
C:\Users\Notebook\Desktop\PlayLib_2010 - Copia - Copia\Debug\link.5100-cvtres.read.1.tlog
C:\Users\Notebook\Desktop\PlayLib_2010 - Copia - Copia\Debug\link.5100-cvtres.write.1.tlog
C:\Users\Notebook\Desktop\PlayLib_2010 - Copia - Copia\Debug\link.5104.read.1.tlog
C:\Users\Notebook\Desktop\PlayLib_2010 - Copia - Copia\Debug\link.5104.write.1.tlog
C:\Users\Notebook\Desktop\PlayLib_2010 - Copia - Copia\Debug\link.5104-cvtres.read.1.tlog
C:\Users\Notebook\Desktop\PlayLib_2010 - Copia - Copia\Debug\link.5104-cvtres.write.1.tlog
C:\Users\Notebook\Desktop\PlayLib_2010 - Copia - Copia\Debug\link.5164.read.1.tlog
C:\Users\Notebook\Desktop\PlayLib_2010 - Copia - Copia\Debug\link.5164.write.1.tlog
C:\Users\Notebook\Desktop\PlayLib_2010 - Copia - Copia\Debug\link.5164-cvtres.read.1.tlog
C:\Users\Notebook\Desktop\PlayLib_2010 - Copia - Copia\Debug\link.5164-cvtres.write.1.tlog
C:\Users\Notebook\Desktop\PlayLib_2010 - Copia - Copia\Debug\link.5188.read.1.tlog
C:\Users\Notebook\Desktop\PlayLib_2010 - Copia - Copia\Debug\link.5188.write.1.tlog
C:\Users\Notebook\Desktop\PlayLib_2010 - Copia - Copia\Debug\link.5188-cvtres.read.1.tlog
C:\Users\Notebook\Desktop\PlayLib_2010 - Copia - Copia\Debug\link.5188-cvtres.write.1.tlog
C:\Users\Notebook\Desktop\PlayLib_2010 - Copia - Copia\Debug\link.5208.read.1.tlog
C:\Users\Notebook\Desktop\PlayLib_2010 - Copia - Copia\Debug\link.5208.write.1.tlog
C:\Users\Notebook\Desktop\PlayLib_2010 - Copia - Copia\Debug\link.5208-cvtres.read.1.tlog
C:\Users\Notebook\Desktop\PlayLib_2010 - Copia - Copia\Debug\link.5208-cvtres.write.1.tlog
C:\Users\Notebook\Desktop\PlayLib_2010 - Copia - Copia\Debug\link.5256.read.1.tlog
C:\Users\Notebook\Desktop\PlayLib_2010 - Copia - Copia\Debug\link.5256.write.1.tlog
C:\Users\Notebook\Desktop\PlayLib_2010 - Copia - Copia\Debug\link.5256-cvtres.read.1.tlog
C:\Users\Notebook\Desktop\PlayLib_2010 - Copia - Copia\Debug\link.5256-cvtres.write.1.tlog
C:\Users\Notebook\Desktop\PlayLib_2010 - Copia - Copia\Debug\link.5284.read.1.tlog
C:\Users\Notebook\Desktop\PlayLib_2010 - Copia - Copia\Debug\link.5284.write.1.tlog
C:\Users\Notebook\Desktop\PlayLib_2010 - Copia - Copia\Debug\link.5284-cvtres.read.1.tlog
C:\Users\Notebook\Desktop\PlayLib_2010 - Copia - Copia\Debug\link.5284-cvtres.write.1.tlog
C:\Users\Notebook\Desktop\PlayLib_2010 - Copia - Copia\Debug\link.5296.read.1.tlog
C:\Users\Notebook\Desktop\PlayLib_2010 - Copia - Copia\Debug\link.5296.write.1.tlog
C:\Users\Notebook\Desktop\PlayLib_2010 - Copia - Copia\Debug\link.5296-cvtres.read.1.tlog
C:\Users\Notebook\Desktop\PlayLib_2010 - Copia - Copia\Debug\link.5296-cvtres.write.1.tlog
C:\Users\Notebook\Desktop\PlayLib_2010 - Copia - Copia\Debug\link.5352.read.1.tlog
C:\Users\Notebook\Desktop\PlayLib_2010 - Copia - Copia\Debug\link.5352.write.1.tlog
C:\Users\Notebook\Desktop\PlayLib_2010 - Copia - Copia\Debug\link.5352-cvtres.read.1.tlog
C:\Users\Notebook\Desktop\PlayLib_2010 - Copia - Copia\Debug\link.5352-cvtres.write.1.tlog
C:\Users\Notebook\Desktop\PlayLib_2010 - Copia - Copia\Debug\link.5392.read.1.tlog
C:\Users\Notebook\Desktop\PlayLib_2010 - Copia - Copia\Debug\link.5392.write.1.tlog
C:\Users\Notebook\Desktop\PlayLib_2010 - Copia - Copia\Debug\link.5392-cvtres.read.1.tlog
C:\Users\Notebook\Desktop\PlayLib_2010 - Copia - Copia\Debug\link.5392-cvtres.write.1.tlog
C:\Users\Notebook\Desktop\PlayLib_2010 - Copia - Copia\Debug\link.5396.read.1.tlog
C:\Users\Notebook\Desktop\PlayLib_2010 - Copia - Copia\Debug\link.5396.write.1.tlog
C:\Users\Notebook\Desktop\PlayLib_2010 - Copia - Copia\Debug\link.5396-cvtres.read.1.tlog
C:\Users\Notebook\Desktop\PlayLib_2010 - Copia - Copia\Debug\link.5396-cvtres.write.1.tlog
C:\Users\Notebook\Desktop\PlayLib_2010 - Copia - Copia\Debug\link.5412.read.1.tlog
C:\Users\Notebook\Desktop\PlayLib_2010 - Copia - Copia\Debug\link.5412.write.1.tlog
C:\Users\Notebook\Desktop\PlayLib_2010 - Copia - Copia\Debug\link.5412-cvtres.read.1.tlog
C:\Users\Notebook\Desktop\PlayLib_2010 - Copia - Copia\Debug\link.5412-cvtres.write.1.tlog
C:\Users\Notebook\Desktop\PlayLib_2010 - Copia - Copia\Debug\link.5476.read.1.tlog
C:\Users\Notebook\Desktop\PlayLib_2010 - Copia - Copia\Debug\link.5476.write.1.tlog
C:\Users\Notebook\Desktop\PlayLib_2010 - Copia - Copia\Debug\link.5476-cvtres.read.1.tlog
C:\Users\Notebook\Desktop\PlayLib_2010 - Copia - Copia\Debug\link.5476-cvtres.write.1.tlog
C:\Users\Notebook\Desktop\PlayLib_2010 - Copia - Copia\Debug\link.5560.read.1.tlog
C:\Users\Notebook\Desktop\PlayLib_2010 - Copia - Copia\Debug\link.5560.write.1.tlog
C:\Users\Notebook\Desktop\PlayLib_2010 - Copia - Copia\Debug\link.5560-cvtres.read.1.tlog
C:\Users\Notebook\Desktop\PlayLib_2010 - Copia - Copia\Debug\link.5560-cvtres.write.1.tlog
C:\Users\Notebook\Desktop\PlayLib_2010 - Copia - Copia\Debug\link.5608.read.1.tlog
C:\Users\Notebook\Desktop\PlayLib_2010 - Copia - Copia\Debug\link.5608.write.1.tlog
C:\Users\Notebook\Desktop\PlayLib_2010 - Copia - Copia\Debug\link.5608-cvtres.read.1.tlog
C:\Users\Notebook\Desktop\PlayLib_2010 - Copia - Copia\Debug\link.5608-cvtres.write.1.tlog
C:\Users\Notebook\Desktop\PlayLib_2010 - Copia - Copia\Debug\link.5692.read.1.tlog
C:\Users\Notebook\Desktop\PlayLib_2010 - Copia - Copia\Debug\link.5692.write.1.tlog
C:\Users\Notebook\Desktop\PlayLib_2010 - Copia - Copia\Debug\link.5692-cvtres.read.1.tlog
C:\Users\Notebook\Desktop\PlayLib_2010 - Copia - Copia\Debug\link.5692-cvtres.write.1.tlog
C:\Users\Notebook\Desktop\PlayLib_2010 - Copia - Copia\Debug\link.5716.read.1.tlog
C:\Users\Notebook\Desktop\PlayLib_2010 - Copia - Copia\Debug\link.5716.write.1.tlog
C:\Users\Notebook\Desktop\PlayLib_2010 - Copia - Copia\Debug\link.5716-cvtres.read.1.tlog
C:\Users\Notebook\Desktop\PlayLib_2010 - Copia - Copia\Debug\link.5716-cvtres.write.1.tlog
C:\Users\Notebook\Desktop\PlayLib_2010 - Copia - Copia\Debug\link.5760.read.1.tlog
C:\Users\Notebook\Desktop\PlayLib_2010 - Copia - Copia\Debug\link.5760.write.1.tlog
C:\Users\Notebook\Desktop\PlayLib_2010 - Copia - Copia\Debug\link.5760-cvtres.read.1.tlog
C:\Users\Notebook\Desktop\PlayLib_2010 - Copia - Copia\Debug\link.5760-cvtres.write.1.tlog
C:\Users\Notebook\Desktop\PlayLib_2010 - Copia - Copia\Debug\link.5812.read.1.tlog
C:\Users\Notebook\Desktop\PlayLib_2010 - Copia - Copia\Debug\link.5812.write.1.tlog
C:\Users\Notebook\Desktop\PlayLib_2010 - Copia - Copia\Debug\link.5812-cvtres.read.1.tlog
C:\Users\Notebook\Desktop\PlayLib_2010 - Copia - Copia\Debug\link.5812-cvtres.write.1.tlog
C:\Users\Notebook\Desktop\PlayLib_2010 - Copia - Copia\Debug\link.5832.read.1.tlog
C:\Users\Notebook\Desktop\PlayLib_2010 - Copia - Copia\Debug\link.5832.write.1.tlog
C:\Users\Notebook\Desktop\PlayLib_2010 - Copia - Copia\Debug\link.5832-cvtres.read.1.tlog
C:\Users\Notebook\Desktop\PlayLib_2010 - Copia - Copia\Debug\link.5832-cvtres.write.1.tlog
C:\Users\Notebook\Desktop\PlayLib_2010 - Copia - Copia\Debug\link.5880.read.1.tlog
C:\Users\Notebook\Desktop\PlayLib_2010 - Copia - Copia\Debug\link.5880.write.1.tlog
C:\Users\Notebook\Desktop\PlayLib_2010 - Copia - Copia\Debug\link.5880-cvtres.read.1.tlog
C:\Users\Notebook\Desktop\PlayLib_2010 - Copia - Copia\Debug\link.5880-cvtres.write.1.tlog
C:\Users\Notebook\Desktop\PlayLib_2010 - Copia - Copia\Debug\link.5904.read.1.tlog
C:\Users\Notebook\Desktop\PlayLib_2010 - Copia - Copia\Debug\link.5904.write.1.tlog
C:\Users\Notebook\Desktop\PlayLib_2010 - Copia - Copia\Debug\link.5904-cvtres.read.1.tlog
C:\Users\Notebook\Desktop\PlayLib_2010 - Copia - Copia\Debug\link.5904-cvtres.write.1.tlog
C:\Users\Notebook\Desktop\PlayLib_2010 - Copia - Copia\Debug\link.5972.read.1.tlog
C:\Users\Notebook\Desktop\PlayLib_2010 - Copia - Copia\Debug\link.5972.write.1.tlog
C:\Users\Notebook\Desktop\PlayLib_2010 - Copia - Copia\Debug\link.5972-cvtres.read.1.tlog
C:\Users\Notebook\Desktop\PlayLib_2010 - Copia - Copia\Debug\link.5972-cvtres.write.1.tlog
C:\Users\Notebook\Desktop\PlayLib_2010 - Copia - Copia\Debug\link.5980.read.1.tlog
C:\Users\Notebook\Desktop\PlayLib_2010 - Copia - Copia\Debug\link.5980.write.1.tlog
C:\Users\Notebook\Desktop\PlayLib_2010 - Copia - Copia\Debug\link.5980-cvtres.read.1.tlog
C:\Users\Notebook\Desktop\PlayLib_2010 - Copia - Copia\Debug\link.5980-cvtres.write.1.tlog
C:\Users\Notebook\Desktop\PlayLib_2010 - Copia - Copia\Debug\link.6044.read.1.tlog
C:\Users\Notebook\Desktop\PlayLib_2010 - Copia - Copia\Debug\link.6044.write.1.tlog
C:\Users\Notebook\Desktop\PlayLib_2010 - Copia - Copia\Debug\link.6044-cvtres.read.1.tlog
C:\Users\Notebook\Desktop\PlayLib_2010 - Copia - Copia\Debug\link.6044-cvtres.write.1.tlog
C:\Users\Notebook\Desktop\PlayLib_2010 - Copia - Copia\Debug\link.6088.read.1.tlog
C:\Users\Notebook\Desktop\PlayLib_2010 - Copia - Copia\Debug\link.6088.write.1.tlog
C:\Users\Notebook\Desktop\PlayLib_2010 - Copia - Copia\Debug\link.6088-cvtres.read.1.tlog
C:\Users\Notebook\Desktop\PlayLib_2010 - Copia - Copia\Debug\link.6088-cvtres.write.1.tlog
C:\Users\Notebook\Desktop\PlayLib_2010 - Copia - Copia\Debug\link.6132.read.1.tlog
C:\Users\Notebook\Desktop\PlayLib_2010 - Copia - Copia\Debug\link.6132.write.1.tlog
C:\Users\Notebook\Desktop\PlayLib_2010 - Copia - Copia\Debug\link.6132-cvtres.read.1.tlog
C:\Users\Notebook\Desktop\PlayLib_2010 - Copia - Copia\Debug\link.6132-cvtres.write.1.tlog
C:\Users\Notebook\Desktop\PlayLib_2010 - Copia - Copia\Debug\link.6204.read.1.tlog
C:\Users\Notebook\Desktop\PlayLib_2010 - Copia - Copia\Debug\link.6204.write.1.tlog
C:\Users\Notebook\Desktop\PlayLib_2010 - Copia - Copia\Debug\link.6204-cvtres.read.1.tlog
C:\Users\Notebook\Desktop\PlayLib_2010 - Copia - Copia\Debug\link.6204-cvtres.write.1.tlog
C:\Users\Notebook\Desktop\PlayLib_2010 - Copia - Copia\Debug\link.6240.read.1.tlog
C:\Users\Notebook\Desktop\PlayLib_2010 - Copia - Copia\Debug\link.6240.write.1.tlog
C:\Users\Notebook\Desktop\PlayLib_2010 - Copia - Copia\Debug\link.6240-cvtres.read.1.tlog
C:\Users\Notebook\Desktop\PlayLib_2010 - Copia - Copia\Debug\link.6240-cvtres.write.1.tlog
C:\Users\Notebook\Desktop\PlayLib_2010 - Copia - Copia\Debug\link.6324.read.1.tlog
C:\Users\Notebook\Desktop\PlayLib_2010 - Copia - Copia\Debug\link.6324.write.1.tlog
C:\Users\Notebook\Desktop\PlayLib_2010 - Copia - Copia\Debug\link.6324-cvtres.read.1.tlog
C:\Users\Notebook\Desktop\PlayLib_2010 - Copia - Copia\Debug\link.6324-cvtres.write.1.tlog
C:\Users\Notebook\Desktop\PlayLib_2010 - Copia - Copia\Debug\link.6344.read.1.tlog
C:\Users\Notebook\Desktop\PlayLib_2010 - Copia - Copia\Debug\link.6344.write.1.tlog
C:\Users\Notebook\Desktop\PlayLib_2010 - Copia - Copia\Debug\link.6344-cvtres.read.1.tlog
C:\Users\Notebook\Desktop\PlayLib_2010 - Copia - Copia\Debug\link.6344-cvtres.write.1.tlog
C:\Users\Notebook\Desktop\PlayLib_2010 - Copia - Copia\Debug\link.6400.read.1.tlog
C:\Users\Notebook\Desktop\PlayLib_2010 - Copia - Copia\Debug\link.6400.write.1.tlog
C:\Users\Notebook\Desktop\PlayLib_2010 - Copia - Copia\Debug\link.6400-cvtres.read.1.tlog
C:\Users\Notebook\Desktop\PlayLib_2010 - Copia - Copia\Debug\link.6400-cvtres.write.1.tlog
C:\Users\Notebook\Desktop\PlayLib_2010 - Copia - Copia\Debug\link.6416.read.1.tlog
C:\Users\Notebook\Desktop\PlayLib_2010 - Copia - Copia\Debug\link.6416.write.1.tlog
C:\Users\Notebook\Desktop\PlayLib_2010 - Copia - Copia\Debug\link.6416-cvtres.read.1.tlog
C:\Users\Notebook\Desktop\PlayLib_2010 - Copia - Copia\Debug\link.6416-cvtres.write.1.tlog
C:\Users\Notebook\Desktop\PlayLib_2010 - Copia - Copia\Debug\link.6460.read.1.tlog
C:\Users\Notebook\Desktop\PlayLib_2010 - Copia - Copia\Debug\link.6460.write.1.tlog
C:\Users\Notebook\Desktop\PlayLib_2010 - Copia - Copia\Debug\link.6460-cvtres.read.1.tlog
C:\Users\Notebook\Desktop\PlayLib_2010 - Copia - Copia\Debug\link.6460-cvtres.write.1.tlog
C:\Users\Notebook\Desktop\PlayLib_2010 - Copia - Copia\Debug\link.6520.read.1.tlog
C:\Users\Notebook\Desktop\PlayLib_2010 - Copia - Copia\Debug\link.6520.write.1.tlog
C:\Users\Notebook\Desktop\PlayLib_2010 - Copia - Copia\Debug\link.6520-cvtres.read.1.tlog
C:\Users\Notebook\Desktop\PlayLib_2010 - Copia - Copia\Debug\link.6520-cvtres.write.1.tlog
C:\Users\Notebook\Desktop\PlayLib_2010 - Copia - Copia\Debug\link.6544.read.1.tlog
C:\Users\Notebook\Desktop\PlayLib_2010 - Copia - Copia\Debug\link.6544.write.1.tlog
C:\Users\Notebook\Desktop\PlayLib_2010 - Copia - Copia\Debug\link.6544-cvtres.read.1.tlog
C:\Users\Notebook\Desktop\PlayLib_2010 - Copia - Copia\Debug\link.6544-cvtres.write.1.tlog
C:\Users\Notebook\Desktop\PlayLib_2010 - Copia - Copia\Debug\link.6568.read.1.tlog
C:\Users\Notebook\Desktop\PlayLib_2010 - Copia - Copia\Debug\link.6568.write.1.tlog
C:\Users\Notebook\Desktop\PlayLib_2010 - Copia - Copia\Debug\link.6568-cvtres.read.1.tlog
C:\Users\Notebook\Desktop\PlayLib_2010 - Copia - Copia\Debug\link.6568-cvtres.write.1.tlog
C:\Users\Notebook\Desktop\PlayLib_2010 - Copia - Copia\Debug\link.6572.read.1.tlog
C:\Users\Notebook\Desktop\PlayLib_2010 - Copia - Copia\Debug\link.6572.write.1.tlog
C:\Users\Notebook\Desktop\PlayLib_2010 - Copia - Copia\Debug\link.6572-cvtres.read.1.tlog
C:\Users\Notebook\Desktop\PlayLib_2010 - Copia - Copia\Debug\link.6572-cvtres.write.1.tlog
C:\Users\Notebook\Desktop\PlayLib_2010 - Copia - Copia\Debug\link.6576.read.1.tlog
C:\Users\Notebook\Desktop\PlayLib_2010 - Copia - Copia\Debug\link.6576.write.1.tlog
C:\Users\Notebook\Desktop\PlayLib_2010 - Copia - Copia\Debug\link.6576-cvtres.read.1.tlog
C:\Users\Notebook\Desktop\PlayLib_2010 - Copia - Copia\Debug\link.6576-cvtres.write.1.tlog
C:\Users\Notebook\Desktop\PlayLib_2010 - Copia - Copia\Debug\link.6584.read.1.tlog
C:\Users\Notebook\Desktop\PlayLib_2010 - Copia - Copia\Debug\link.6584.write.1.tlog
C:\Users\Notebook\Desktop\PlayLib_2010 - Copia - Copia\Debug\link.6584-cvtres.read.1.tlog
C:\Users\Notebook\Desktop\PlayLib_2010 - Copia - Copia\Debug\link.6584-cvtres.write.1.tlog
C:\Users\Notebook\Desktop\PlayLib_2010 - Copia - Copia\Debug\link.6600.read.1.tlog
C:\Users\Notebook\Desktop\PlayLib_2010 - Copia - Copia\Debug\link.6600.write.1.tlog
C:\Users\Notebook\Desktop\PlayLib_2010 - Copia - Copia\Debug\link.6600-cvtres.read.1.tlog
C:\Users\Notebook\Desktop\PlayLib_2010 - Copia - Copia\Debug\link.6600-cvtres.write.1.tlog
C:\Users\Notebook\Desktop\PlayLib_2010 - Copia - Copia\Debug\link.6628.read.1.tlog
C:\Users\Notebook\Desktop\PlayLib_2010 - Copia - Copia\Debug\link.6628.write.1.tlog
C:\Users\Notebook\Desktop\PlayLib_2010 - Copia - Copia\Debug\link.6628-cvtres.read.1.tlog
C:\Users\Notebook\Desktop\PlayLib_2010 - Copia - Copia\Debug\link.6628-cvtres.write.1.tlog
C:\Users\Notebook\Desktop\PlayLib_2010 - Copia - Copia\Debug\link.6676.read.1.tlog
C:\Users\Notebook\Desktop\PlayLib_2010 - Copia - Copia\Debug\link.6676.write.1.tlog
C:\Users\Notebook\Desktop\PlayLib_2010 - Copia - Copia\Debug\link.6676-cvtres.read.1.tlog
C:\Users\Notebook\Desktop\PlayLib_2010 - Copia - Copia\Debug\link.6676-cvtres.write.1.tlog
C:\Users\Notebook\Desktop\PlayLib_2010 - Copia - Copia\Debug\link.6720.read.1.tlog
C:\Users\Notebook\Desktop\PlayLib_2010 - Copia - Copia\Debug\link.6720.write.1.tlog
C:\Users\Notebook\Desktop\PlayLib_2010 - Copia - Copia\Debug\link.6720-cvtres.read.1.tlog
C:\Users\Notebook\Desktop\PlayLib_2010 - Copia - Copia\Debug\link.6720-cvtres.write.1.tlog
C:\Users\Notebook\Desktop\PlayLib_2010 - Copia - Copia\Debug\link.6724.read.1.tlog
C:\Users\Notebook\Desktop\PlayLib_2010 - Copia - Copia\Debug\link.6724.write.1.tlog
C:\Users\Notebook\Desktop\PlayLib_2010 - Copia - Copia\Debug\link.6724-cvtres.read.1.tlog
C:\Users\Notebook\Desktop\PlayLib_2010 - Copia - Copia\Debug\link.6724-cvtres.write.1.tlog
C:\Users\Notebook\Desktop\PlayLib_2010 - Copia - Copia\Debug\link.6728.read.1.tlog
C:\Users\Notebook\Desktop\PlayLib_2010 - Copia - Copia\Debug\link.6728.write.1.tlog
C:\Users\Notebook\Desktop\PlayLib_2010 - Copia - Copia\Debug\link.6728-cvtres.read.1.tlog
C:\Users\Notebook\Desktop\PlayLib_2010 - Copia - Copia\Debug\link.6728-cvtres.write.1.tlog
C:\Users\Notebook\Desktop\PlayLib_2010 - Copia - Copia\Debug\link.6740.read.1.tlog
C:\Users\Notebook\Desktop\PlayLib_2010 - Copia - Copia\Debug\link.6740.write.1.tlog
C:\Users\Notebook\Desktop\PlayLib_2010 - Copia - Copia\Debug\link.6740-cvtres.read.1.tlog
C:\Users\Notebook\Desktop\PlayLib_2010 - Copia - Copia\Debug\link.6740-cvtres.write.1.tlog
C:\Users\Notebook\Desktop\PlayLib_2010 - Copia - Copia\Debug\link.6768.read.1.tlog
C:\Users\Notebook\Desktop\PlayLib_2010 - Copia - Copia\Debug\link.6768.write.1.tlog
C:\Users\Notebook\Desktop\PlayLib_2010 - Copia - Copia\Debug\link.6768-cvtres.read.1.tlog
C:\Users\Notebook\Desktop\PlayLib_2010 - Copia - Copia\Debug\link.6768-cvtres.write.1.tlog
C:\Users\Notebook\Desktop\PlayLib_2010 - Copia - Copia\Debug\link.6784.read.1.tlog
C:\Users\Notebook\Desktop\PlayLib_2010 - Copia - Copia\Debug\link.6784.write.1.tlog
C:\Users\Notebook\Desktop\PlayLib_2010 - Copia - Copia\Debug\link.6784-cvtres.read.1.tlog
C:\Users\Notebook\Desktop\PlayLib_2010 - Copia - Copia\Debug\link.6784-cvtres.write.1.tlog
C:\Users\Notebook\Desktop\PlayLib_2010 - Copia - Copia\Debug\link.6848.read.1.tlog
C:\Users\Notebook\Desktop\PlayLib_2010 - Copia - Copia\Debug\link.6848.write.1.tlog
C:\Users\Notebook\Desktop\PlayLib_2010 - Copia - Copia\Debug\link.6848-cvtres.read.1.tlog
C:\Users\Notebook\Desktop\PlayLib_2010 - Copia - Copia\Debug\link.6848-cvtres.write.1.tlog
C:\Users\Notebook\Desktop\PlayLib_2010 - Copia - Copia\Debug\link.6860.read.1.tlog
C:\Users\Notebook\Desktop\PlayLib_2010 - Copia - Copia\Debug\link.6860.write.1.tlog
C:\Users\Notebook\Desktop\PlayLib_2010 - Copia - Copia\Debug\link.6860-cvtres.read.1.tlog
C:\Users\Notebook\Desktop\PlayLib_2010 - Copia - Copia\Debug\link.6860-cvtres.write.1.tlog
C:\Users\Notebook\Desktop\PlayLib_2010 - Copia - Copia\Debug\link.6904.read.1.tlog
C:\Users\Notebook\Desktop\PlayLib_2010 - Copia - Copia\Debug\link.6904.write.1.tlog
C:\Users\Notebook\Desktop\PlayLib_2010 - Copia - Copia\Debug\link.6904-cvtres.read.1.tlog
C:\Users\Notebook\Desktop\PlayLib_2010 - Copia - Copia\Debug\link.6904-cvtres.write.1.tlog
C:\Users\Notebook\Desktop\PlayLib_2010 - Copia - Copia\Debug\link.6912.read.1.tlog
C:\Users\Notebook\Desktop\PlayLib_2010 - Copia - Copia\Debug\link.6912.write.1.tlog
C:\Users\Notebook\Desktop\PlayLib_2010 - Copia - Copia\Debug\link.6912-cvtres.read.1.tlog
C:\Users\Notebook\Desktop\PlayLib_2010 - Copia - Copia\Debug\link.6912-cvtres.write.1.tlog
C:\Users\Notebook\Desktop\PlayLib_2010 - Copia - Copia\Debug\link.6936.read.1.tlog
C:\Users\Notebook\Desktop\PlayLib_2010 - Copia - Copia\Debug\link.6936.write.1.tlog
C:\Users\Notebook\Desktop\PlayLib_2010 - Copia - Copia\Debug\link.6936-cvtres.read.1.tlog
C:\Users\Notebook\Desktop\PlayLib_2010 - Copia - Copia\Debug\link.6936-cvtres.write.1.tlog
C:\Users\Notebook\Desktop\PlayLib_2010 - Copia - Copia\Debug\link.6956.read.1.tlog
C:\Users\Notebook\Desktop\PlayLib_2010 - Copia - Copia\Debug\link.6956.write.1.tlog
C:\Users\Notebook\Desktop\PlayLib_2010 - Copia - Copia\Debug\link.6956-cvtres.read.1.tlog
C:\Users\Notebook\Desktop\PlayLib_2010 - Copia - Copia\Debug\link.6956-cvtres.write.1.tlog
C:\Users\Notebook\Desktop\PlayLib_2010 - Copia - Copia\Debug\link.6972.read.1.tlog
C:\Users\Notebook\Desktop\PlayLib_2010 - Copia - Copia\Debug\link.6972.write.1.tlog
C:\Users\Notebook\Desktop\PlayLib_2010 - Copia - Copia\Debug\link.6972-cvtres.read.1.tlog
C:\Users\Notebook\Desktop\PlayLib_2010 - Copia - Copia\Debug\link.6972-cvtres.write.1.tlog
C:\Users\Notebook\Desktop\PlayLib_2010 - Copia - Copia\Debug\link.7004.read.1.tlog
C:\Users\Notebook\Desktop\PlayLib_2010 - Copia - Copia\Debug\link.7004.write.1.tlog
C:\Users\Notebook\Desktop\PlayLib_2010 - Copia - Copia\Debug\link.7004-cvtres.read.1.tlog
C:\Users\Notebook\Desktop\PlayLib_2010 - Copia - Copia\Debug\link.7004-cvtres.write.1.tlog
C:\Users\Notebook\Desktop\PlayLib_2010 - Copia - Copia\Debug\link.7008.read.1.tlog
C:\Users\Notebook\Desktop\PlayLib_2010 - Copia - Copia\Debug\link.7008.write.1.tlog
C:\Users\Notebook\Desktop\PlayLib_2010 - Copia - Copia\Debug\link.7008-cvtres.read.1.tlog
C:\Users\Notebook\Desktop\PlayLib_2010 - Copia - Copia\Debug\link.7008-cvtres.write.1.tlog
C:\Users\Notebook\Desktop\PlayLib_2010 - Copia - Copia\Debug\link.7012.read.1.tlog
C:\Users\Notebook\Desktop\PlayLib_2010 - Copia - Copia\Debug\link.7012.write.1.tlog
C:\Users\Notebook\Desktop\PlayLib_2010 - Copia - Copia\Debug\link.7012-cvtres.read.1.tlog
C:\Users\Notebook\Desktop\PlayLib_2010 - Copia - Copia\Debug\link.7012-cvtres.write.1.tlog
C:\Users\Notebook\Desktop\PlayLib_2010 - Copia - Copia\Debug\link.7052.read.1.tlog
C:\Users\Notebook\Desktop\PlayLib_2010 - Copia - Copia\Debug\link.7052.write.1.tlog
C:\Users\Notebook\Desktop\PlayLib_2010 - Copia - Copia\Debug\link.7052-cvtres.read.1.tlog
C:\Users\Notebook\Desktop\PlayLib_2010 - Copia - Copia\Debug\link.7052-cvtres.write.1.tlog
C:\Users\Notebook\Desktop\PlayLib_2010 - Copia - Copia\Debug\link.7064.read.1.tlog
C:\Users\Notebook\Desktop\PlayLib_2010 - Copia - Copia\Debug\link.7064.write.1.tlog
C:\Users\Notebook\Desktop\PlayLib_2010 - Copia - Copia\Debug\link.7064-cvtres.read.1.tlog
C:\Users\Notebook\Desktop\PlayLib_2010 - Copia - Copia\Debug\link.7064-cvtres.write.1.tlog
C:\Users\Notebook\Desktop\PlayLib_2010 - Copia - Copia\Debug\link.7068.read.1.tlog
C:\Users\Notebook\Desktop\PlayLib_2010 - Copia - Copia\Debug\link.7068.write.1.tlog
C:\Users\Notebook\Desktop\PlayLib_2010 - Copia - Copia\Debug\link.7068-cvtres.read.1.tlog
C:\Users\Notebook\Desktop\PlayLib_2010 - Copia - Copia\Debug\link.7068-cvtres.write.1.tlog
C:\Users\Notebook\Desktop\PlayLib_2010 - Copia - Copia\Debug\link.7072.read.1.tlog
C:\Users\Notebook\Desktop\PlayLib_2010 - Copia - Copia\Debug\link.7072.write.1.tlog
C:\Users\Notebook\Desktop\PlayLib_2010 - Copia - Copia\Debug\link.7072-cvtres.read.1.tlog
C:\Users\Notebook\Desktop\PlayLib_2010 - Copia - Copia\Debug\link.7072-cvtres.write.1.tlog
C:\Users\Notebook\Desktop\PlayLib_2010 - Copia - Copia\Debug\link.7076.read.1.tlog
C:\Users\Notebook\Desktop\PlayLib_2010 - Copia - Copia\Debug\link.7076.write.1.tlog
C:\Users\Notebook\Desktop\PlayLib_2010 - Copia - Copia\Debug\link.7076-cvtres.read.1.tlog
C:\Users\Notebook\Desktop\PlayLib_2010 - Copia - Copia\Debug\link.7076-cvtres.write.1.tlog
C:\Users\Notebook\Desktop\PlayLib_2010 - Copia - Copia\Debug\link.7084.read.1.tlog
C:\Users\Notebook\Desktop\PlayLib_2010 - Copia - Copia\Debug\link.7084.write.1.tlog
C:\Users\Notebook\Desktop\PlayLib_2010 - Copia - Copia\Debug\link.7084-cvtres.read.1.tlog
C:\Users\Notebook\Desktop\PlayLib_2010 - Copia - Copia\Debug\link.7084-cvtres.write.1.tlog
C:\Users\Notebook\Desktop\PlayLib_2010 - Copia - Copia\Debug\link.7104.read.1.tlog
C:\Users\Notebook\Desktop\PlayLib_2010 - Copia - Copia\Debug\link.7104.write.1.tlog
C:\Users\Notebook\Desktop\PlayLib_2010 - Copia - Copia\Debug\link.7104-cvtres.read.1.tlog
C:\Users\Notebook\Desktop\PlayLib_2010 - Copia - Copia\Debug\link.7104-cvtres.write.1.tlog
C:\Users\Notebook\Desktop\PlayLib_2010 - Copia - Copia\Debug\link.7116.read.1.tlog
C:\Users\Notebook\Desktop\PlayLib_2010 - Copia - Copia\Debug\link.7116.write.1.tlog
C:\Users\Notebook\Desktop\PlayLib_2010 - Copia - Copia\Debug\link.7116-cvtres.read.1.tlog
C:\Users\Notebook\Desktop\PlayLib_2010 - Copia - Copia\Debug\link.7116-cvtres.write.1.tlog
C:\Users\Notebook\Desktop\PlayLib_2010 - Copia - Copia\Debug\link.7120.read.1.tlog
C:\Users\Notebook\Desktop\PlayLib_2010 - Copia - Copia\Debug\link.7120.write.1.tlog
C:\Users\Notebook\Desktop\PlayLib_2010 - Copia - Copia\Debug\link.7120-cvtres.read.1.tlog
C:\Users\Notebook\Desktop\PlayLib_2010 - Copia - Copia\Debug\link.7120-cvtres.write.1.tlog
C:\Users\Notebook\Desktop\PlayLib_2010 - Copia - Copia\Debug\link.7128.read.1.tlog
C:\Users\Notebook\Desktop\PlayLib_2010 - Copia - Copia\Debug\link.7128.write.1.tlog
C:\Users\Notebook\Desktop\PlayLib_2010 - Copia - Copia\Debug\link.7128-cvtres.read.1.tlog
C:\Users\Notebook\Desktop\PlayLib_2010 - Copia - Copia\Debug\link.7128-cvtres.write.1.tlog
C:\Users\Notebook\Desktop\PlayLib_2010 - Copia - Copia\Debug\link.7136.read.1.tlog
C:\Users\Notebook\Desktop\PlayLib_2010 - Copia - Copia\Debug\link.7136.write.1.tlog
C:\Users\Notebook\Desktop\PlayLib_2010 - Copia - Copia\Debug\link.7136-cvtres.read.1.tlog
C:\Users\Notebook\Desktop\PlayLib_2010 - Copia - Copia\Debug\link.7136-cvtres.write.1.tlog
C:\Users\Notebook\Desktop\PlayLib_2010 - Copia - Copia\Debug\link.7152.read.1.tlog
C:\Users\Notebook\Desktop\PlayLib_2010 - Copia - Copia\Debug\link.7152.write.1.tlog
C:\Users\Notebook\Desktop\PlayLib_2010 - Copia - Copia\Debug\link.7152-cvtres.read.1.tlog
C:\Users\Notebook\Desktop\PlayLib_2010 - Copia - Copia\Debug\link.7152-cvtres.write.1.tlog
C:\Users\Notebook\Desktop\PlayLib_2010 - Copia - Copia\Debug\link.7164.read.1.tlog
C:\Users\Notebook\Desktop\PlayLib_2010 - Copia - Copia\Debug\link.7164.write.1.tlog
C:\Users\Notebook\Desktop\PlayLib_2010 - Copia - Copia\Debug\link.7164-cvtres.read.1.tlog
C:\Users\Notebook\Desktop\PlayLib_2010 - Copia - Copia\Debug\link.7164-cvtres.write.1.tlog
C:\Users\Notebook\Desktop\PlayLib_2010 - Copia - Copia\Debug\link.7180.read.1.tlog
C:\Users\Notebook\Desktop\PlayLib_2010 - Copia - Copia\Debug\link.7180.write.1.tlog
C:\Users\Notebook\Desktop\PlayLib_2010 - Copia - Copia\Debug\link.7180-cvtres.read.1.tlog
C:\Users\Notebook\Desktop\PlayLib_2010 - Copia - Copia\Debug\link.7180-cvtres.write.1.tlog
C:\Users\Notebook\Desktop\PlayLib_2010 - Copia - Copia\Debug\link.7212.read.1.tlog
C:\Users\Notebook\Desktop\PlayLib_2010 - Copia - Copia\Debug\link.7212.write.1.tlog
C:\Users\Notebook\Desktop\PlayLib_2010 - Copia - Copia\Debug\link.7212-cvtres.read.1.tlog
C:\Users\Notebook\Desktop\PlayLib_2010 - Copia - Copia\Debug\link.7212-cvtres.write.1.tlog
C:\Users\Notebook\Desktop\PlayLib_2010 - Copia - Copia\Debug\link.7264.read.1.tlog
C:\Users\Notebook\Desktop\PlayLib_2010 - Copia - Copia\Debug\link.7264.write.1.tlog
C:\Users\Notebook\Desktop\PlayLib_2010 - Copia - Copia\Debug\link.7264-cvtres.read.1.tlog
C:\Users\Notebook\Desktop\PlayLib_2010 - Copia - Copia\Debug\link.7264-cvtres.write.1.tlog
C:\Users\Notebook\Desktop\PlayLib_2010 - Copia - Copia\Debug\link.7272.read.1.tlog
C:\Users\Notebook\Desktop\PlayLib_2010 - Copia - Copia\Debug\link.7272.write.1.tlog
C:\Users\Notebook\Desktop\PlayLib_2010 - Copia - Copia\Debug\link.7272-cvtres.read.1.tlog
C:\Users\Notebook\Desktop\PlayLib_2010 - Copia - Copia\Debug\link.7272-cvtres.write.1.tlog
C:\Users\Notebook\Desktop\PlayLib_2010 - Copia - Copia\Debug\link.7284.read.1.tlog
C:\Users\Notebook\Desktop\PlayLib_2010 - Copia - Copia\Debug\link.7284.write.1.tlog
C:\Users\Notebook\Desktop\PlayLib_2010 - Copia - Copia\Debug\link.7284-cvtres.read.1.tlog
C:\Users\Notebook\Desktop\PlayLib_2010 - Copia - Copia\Debug\link.7284-cvtres.write.1.tlog
C:\Users\Notebook\Desktop\PlayLib_2010 - Copia - Copia\Debug\link.7296.read.1.tlog
C:\Users\Notebook\Desktop\PlayLib_2010 - Copia - Copia\Debug\link.7296.write.1.tlog
C:\Users\Notebook\Desktop\PlayLib_2010 - Copia - Copia\Debug\link.7296-cvtres.read.1.tlog
C:\Users\Notebook\Desktop\PlayLib_2010 - Copia - Copia\Debug\link.7296-cvtres.write.1.tlog
C:\Users\Notebook\Desktop\PlayLib_2010 - Copia - Copia\Debug\link.7352.read.1.tlog
C:\Users\Notebook\Desktop\PlayLib_2010 - Copia - Copia\Debug\link.7352.write.1.tlog
C:\Users\Notebook\Desktop\PlayLib_2010 - Copia - Copia\Debug\link.7352-cvtres.read.1.tlog
C:\Users\Notebook\Desktop\PlayLib_2010 - Copia - Copia\Debug\link.7352-cvtres.write.1.tlog
C:\Users\Notebook\Desktop\PlayLib_2010 - Copia - Copia\Debug\link.7364.read.1.tlog
C:\Users\Notebook\Desktop\PlayLib_2010 - Copia - Copia\Debug\link.7364.write.1.tlog
C:\Users\Notebook\Desktop\PlayLib_2010 - Copia - Copia\Debug\link.7364-cvtres.read.1.tlog
C:\Users\Notebook\Desktop\PlayLib_2010 - Copia - Copia\Debug\link.7364-cvtres.write.1.tlog
C:\Users\Notebook\Desktop\PlayLib_2010 - Copia - Copia\Debug\link.7468.read.1.tlog
C:\Users\Notebook\Desktop\PlayLib_2010 - Copia - Copia\Debug\link.7468.write.1.tlog
C:\Users\Notebook\Desktop\PlayLib_2010 - Copia - Copia\Debug\link.7468-cvtres.read.1.tlog
C:\Users\Notebook\Desktop\PlayLib_2010 - Copia - Copia\Debug\link.7468-cvtres.write.1.tlog
C:\Users\Notebook\Desktop\PlayLib_2010 - Copia - Copia\Debug\link.7504.read.1.tlog
C:\Users\Notebook\Desktop\PlayLib_2010 - Copia - Copia\Debug\link.7504.write.1.tlog
C:\Users\Notebook\Desktop\PlayLib_2010 - Copia - Copia\Debug\link.7504-cvtres.read.1.tlog
C:\Users\Notebook\Desktop\PlayLib_2010 - Copia - Copia\Debug\link.7504-cvtres.write.1.tlog
C:\Users\Notebook\Desktop\PlayLib_2010 - Copia - Copia\Debug\link.7528.read.1.tlog
C:\Users\Notebook\Desktop\PlayLib_2010 - Copia - Copia\Debug\link.7528.write.1.tlog
C:\Users\Notebook\Desktop\PlayLib_2010 - Copia - Copia\Debug\link.7528-cvtres.read.1.tlog
C:\Users\Notebook\Desktop\PlayLib_2010 - Copia - Copia\Debug\link.7528-cvtres.write.1.tlog
C:\Users\Notebook\Desktop\PlayLib_2010 - Copia - Copia\Debug\link.7540.read.1.tlog
C:\Users\Notebook\Desktop\PlayLib_2010 - Copia - Copia\Debug\link.7540.write.1.tlog
C:\Users\Notebook\Desktop\PlayLib_2010 - Copia - Copia\Debug\link.7540-cvtres.read.1.tlog
C:\Users\Notebook\Desktop\PlayLib_2010 - Copia - Copia\Debug\link.7540-cvtres.write.1.tlog
C:\Users\Notebook\Desktop\PlayLib_2010 - Copia - Copia\Debug\link.7580.read.1.tlog
C:\Users\Notebook\Desktop\PlayLib_2010 - Copia - Copia\Debug\link.7580.write.1.tlog
C:\Users\Notebook\Desktop\PlayLib_2010 - Copia - Copia\Debug\link.7580-cvtres.read.1.tlog
C:\Users\Notebook\Desktop\PlayLib_2010 - Copia - Copia\Debug\link.7580-cvtres.write.1.tlog
C:\Users\Notebook\Desktop\PlayLib_2010 - Copia - Copia\Debug\link.7628.read.1.tlog
C:\Users\Notebook\Desktop\PlayLib_2010 - Copia - Copia\Debug\link.7628.write.1.tlog
C:\Users\Notebook\Desktop\PlayLib_2010 - Copia - Copia\Debug\link.7628-cvtres.read.1.tlog
C:\Users\Notebook\Desktop\PlayLib_2010 - Copia - Copia\Debug\link.7628-cvtres.write.1.tlog
C:\Users\Notebook\Desktop\PlayLib_2010 - Copia - Copia\Debug\link.7788.read.1.tlog
C:\Users\Notebook\Desktop\PlayLib_2010 - Copia - Copia\Debug\link.7788.write.1.tlog
C:\Users\Notebook\Desktop\PlayLib_2010 - Copia - Copia\Debug\link.7788-cvtres.read.1.tlog
C:\Users\Notebook\Desktop\PlayLib_2010 - Copia - Copia\Debug\link.7788-cvtres.write.1.tlog
C:\Users\Notebook\Desktop\PlayLib_2010 - Copia - Copia\Debug\link.7856.read.1.tlog
C:\Users\Notebook\Desktop\PlayLib_2010 - Copia - Copia\Debug\link.7856.write.1.tlog
C:\Users\Notebook\Desktop\PlayLib_2010 - Copia - Copia\Debug\link.7856-cvtres.read.1.tlog
C:\Users\Notebook\Desktop\PlayLib_2010 - Copia - Copia\Debug\link.7856-cvtres.write.1.tlog
C:\Users\Notebook\Desktop\PlayLib_2010 - Copia - Copia\Debug\link.7864.read.1.tlog
C:\Users\Notebook\Desktop\PlayLib_2010 - Copia - Copia\Debug\link.7864.write.1.tlog
C:\Users\Notebook\Desktop\PlayLib_2010 - Copia - Copia\Debug\link.7864-cvtres.read.1.tlog
C:\Users\Notebook\Desktop\PlayLib_2010 - Copia - Copia\Debug\link.7864-cvtres.write.1.tlog
C:\Users\Notebook\Desktop\PlayLib_2010 - Copia - Copia\Debug\link.7888.read.1.tlog
C:\Users\Notebook\Desktop\PlayLib_2010 - Copia - Copia\Debug\link.7888.write.1.tlog
C:\Users\Notebook\Desktop\PlayLib_2010 - Copia - Copia\Debug\link.7888-cvtres.read.1.tlog
C:\Users\Notebook\Desktop\PlayLib_2010 - Copia - Copia\Debug\link.7888-cvtres.write.1.tlog
C:\Users\Notebook\Desktop\PlayLib_2010 - Copia - Copia\Debug\link.7960.read.1.tlog
C:\Users\Notebook\Desktop\PlayLib_2010 - Copia - Copia\Debug\link.7960.write.1.tlog
C:\Users\Notebook\Desktop\PlayLib_2010 - Copia - Copia\Debug\link.7960-cvtres.read.1.tlog
C:\Users\Notebook\Desktop\PlayLib_2010 - Copia - Copia\Debug\link.7960-cvtres.write.1.tlog
C:\Users\Notebook\Desktop\PlayLib_2010 - Copia - Copia\Debug\link.7968.read.1.tlog
C:\Users\Notebook\Desktop\PlayLib_2010 - Copia - Copia\Debug\link.7968.write.1.tlog
C:\Users\Notebook\Desktop\PlayLib_2010 - Copia - Copia\Debug\link.7968-cvtres.read.1.tlog
C:\Users\Notebook\Desktop\PlayLib_2010 - Copia - Copia\Debug\link.7968-cvtres.write.1.tlog
C:\Users\Notebook\Desktop\PlayLib_2010 - Copia - Copia\Debug\link.8040.read.1.tlog
C:\Users\Notebook\Desktop\PlayLib_2010 - Copia - Copia\Debug\link.8040.write.1.tlog
C:\Users\Notebook\Desktop\PlayLib_2010 - Copia - Copia\Debug\link.8040-cvtres.read.1.tlog
C:\Users\Notebook\Desktop\PlayLib_2010 - Copia - Copia\Debug\link.8040-cvtres.write.1.tlog
C:\Users\Notebook\Desktop\PlayLib_2010 - Copia - Copia\Debug\link.8064.read.1.tlog
C:\Users\Notebook\Desktop\PlayLib_2010 - Copia - Copia\Debug\link.8064.write.1.tlog
C:\Users\Notebook\Desktop\PlayLib_2010 - Copia - Copia\Debug\link.8064-cvtres.read.1.tlog
C:\Users\Notebook\Desktop\PlayLib_2010 - Copia - Copia\Debug\link.8064-cvtres.write.1.tlog
C:\Users\Notebook\Desktop\PlayLib_2010 - Copia - Copia\Debug\link.8132.read.1.tlog
C:\Users\Notebook\Desktop\PlayLib_2010 - Copia - Copia\Debug\link.8132.write.1.tlog
C:\Users\Notebook\Desktop\PlayLib_2010 - Copia - Copia\Debug\link.8132-cvtres.read.1.tlog
C:\Users\Notebook\Desktop\PlayLib_2010 - Copia - Copia\Debug\link.8132-cvtres.write.1.tlog
C:\Users\Notebook\Desktop\PlayLib_2010 - Copia - Copia\Debug\link.852.read.1.tlog
C:\Users\Notebook\Desktop\PlayLib_2010 - Copia - Copia\Debug\link.852.write.1.tlog
C:\Users\Notebook\Desktop\PlayLib_2010 - Copia - Copia\Debug\link.852-cvtres.read.1.tlog
C:\Users\Notebook\Desktop\PlayLib_2010 - Copia - Copia\Debug\link.852-cvtres.write.1.tlog
C:\Users\Notebook\Desktop\PlayLib_2010 - Copia - Copia\Debug\link.868.read.1.tlog
C:\Users\Notebook\Desktop\PlayLib_2010 - Copia - Copia\Debug\link.868.write.1.tlog
C:\Users\Notebook\Desktop\PlayLib_2010 - Copia - Copia\Debug\link.868-cvtres.read.1.tlog
C:\Users\Notebook\Desktop\PlayLib_2010 - Copia - Copia\Debug\link.868-cvtres.write.1.tlog
C:\Users\Notebook\Desktop\PlayLib_2010 - Copia - Copia\Debug\link.920.read.1.tlog
C:\Users\Notebook\Desktop\PlayLib_2010 - Copia - Copia\Debug\link.920.write.1.tlog
C:\Users\Notebook\Desktop\PlayLib_2010 - Copia - Copia\Debug\link.920-cvtres.read.1.tlog
C:\Users\Notebook\Desktop\PlayLib_2010 - Copia - Copia\Debug\link.920-cvtres.write.1.tlog
C:\Users\Notebook\Desktop\PlayLib_2010 - Copia - Copia\Debug\link.command.1.tlog
C:\Users\Notebook\Desktop\PlayLib_2010 - Copia - Copia\Debug\link.read.1.tlog
C:\Users\Notebook\Desktop\PlayLib_2010 - Copia - Copia\Debug\link.write.1.tlog
C:\USERS\NOTEBOOK\DESKTOP\PLAYLIB_2010 - COPIA - COPIA\DEBUG\MAPS.OBJ
C:\USERS\NOTEBOOK\DESKTOP\PLAYLIB_2010 - COPIA - COPIA\DEBUG\MOUSE.OBJ
C:\Users\Notebook\Desktop\PlayLib_2010 - Copia - Copia\Debug\mt.command.1.tlog
C:\Users\Notebook\Desktop\PlayLib_2010 - Copia - Copia\Debug\mt.read.1.tlog
C:\Users\Notebook\Desktop\PlayLib_2010 - Copia - Copia\Debug\mt.write.1.tlog
C:\USERS\NOTEBOOK\DESKTOP\PLAYLIB_2010 - COPIA - COPIA\DEBUG\PLAYLIB_2010.EXE
C:\USERS\NOTEBOOK\DESKTOP\PLAYLIB_2010 - COPIA - COPIA\DEBUG\PLAYLIB_2010.EXE.EMBED.MANIFEST
C:\USERS\NOTEBOOK\DESKTOP\PLAYLIB_2010 - COPIA - COPIA\DEBUG\PLAYLIB_2010.EXE.EMBED.MANIFEST.RES
C:\USERS\NOTEBOOK\DESKTOP\PLAYLIB_2010 - COPIA - COPIA\DEBUG\PLAYLIB_2010.EXE.INTERMEDIATE.MANIFEST
C:\USERS\NOTEBOOK\DESKTOP\PLAYLIB_2010 - COPIA - COPIA\DEBUG\PLAYLIB_2010.ILK
C:\USERS\NOTEBOOK\DESKTOP\PLAYLIB_2010 - COPIA - COPIA\DEBUG\PLAYLIB_2010.PDB
C:\Users\Notebook\Desktop\PlayLib_2010 - Copia - Copia\Debug\PlayLib_2010.vcxprojResolveAssemblyReference.cache
C:\Users\Notebook\Desktop\PlayLib_2010 - Copia - Copia\Debug\PlayLib_2010.write.1.tlog
C:\Users\Notebook\Desktop\PlayLib_2010 - Copia - Copia\Debug\PlayLib_2010_manifest.rc
C:\Users\Notebook\Desktop\PlayLib_2010 - Copia - Copia\Debug\rc.command.1.tlog
C:\Users\Notebook\Desktop\PlayLib_2010 - Copia - Copia\Debug\rc.read.1.tlog
C:\Users\Notebook\Desktop\PlayLib_2010 - Copia - Copia\Debug\rc.write.1.tlog
C:\USERS\NOTEBOOK\DESKTOP\PLAYLIB_2010 - COPIA - COPIA\DEBUG\RUN_OUT2.OBJ
C:\Users\Notebook\Desktop\PlayLib_2010 - Copia - Copia\Debug\vc100.idb
C:\USERS\NOTEBOOK\DESKTOP\PLAYLIB_2010 - COPIA - COPIA\DEBUG\VC100.PDB
