Z:\PROJECTS\THE-MYTH-OF-GANON-A-TWIST-IN-THE-LEGEND\SOURCE & HEADERS\DEBUG\BUTTON.OBJ
Z:\Projects\The-Myth-of-Ganon-A-Twist-in-the-Legend\Source & Headers\Debug\cl.command.1.tlog
Z:\Projects\The-Myth-of-Ganon-A-Twist-in-the-Legend\Source & Headers\Debug\cl.read.1.tlog
Z:\Projects\The-Myth-of-Ganon-A-Twist-in-the-Legend\Source & Headers\Debug\cl.write.1.tlog
Z:\PROJECTS\THE-MYTH-OF-GANON-A-TWIST-IN-THE-LEGEND\SOURCE & HEADERS\DEBUG\DOOR.OBJ
Z:\PROJECTS\THE-MYTH-OF-GANON-A-TWIST-IN-THE-LEGEND\SOURCE & HEADERS\DEBUG\IGRAPHICS.OBJ
Z:\Projects\The-Myth-of-Ganon-A-Twist-in-the-Legend\Source & Headers\Debug\link.1864.read.1.tlog
Z:\Projects\The-Myth-of-Ganon-A-Twist-in-the-Legend\Source & Headers\Debug\link.1864.write.1.tlog
Z:\Projects\The-Myth-of-Ganon-A-Twist-in-the-Legend\Source & Headers\Debug\link.1864-cvtres.read.1.tlog
Z:\Projects\The-Myth-of-Ganon-A-Twist-in-the-Legend\Source & Headers\Debug\link.1864-cvtres.write.1.tlog
Z:\Projects\The-Myth-of-Ganon-A-Twist-in-the-Legend\Source & Headers\Debug\link.7568.read.1.tlog
Z:\Projects\The-Myth-of-Ganon-A-Twist-in-the-Legend\Source & Headers\Debug\link.7568.write.1.tlog
Z:\Projects\The-Myth-of-Ganon-A-Twist-in-the-Legend\Source & Headers\Debug\link.7568-cvtres.read.1.tlog
Z:\Projects\The-Myth-of-Ganon-A-Twist-in-the-Legend\Source & Headers\Debug\link.7568-cvtres.write.1.tlog
Z:\Projects\The-Myth-of-Ganon-A-Twist-in-the-Legend\Source & Headers\Debug\link.command.1.tlog
Z:\Projects\The-Myth-of-Ganon-A-Twist-in-the-Legend\Source & Headers\Debug\link.read.1.tlog
Z:\Projects\The-Myth-of-Ganon-A-Twist-in-the-Legend\Source & Headers\Debug\link.write.1.tlog
Z:\PROJECTS\THE-MYTH-OF-GANON-A-TWIST-IN-THE-LEGEND\SOURCE & HEADERS\DEBUG\LIVESPRITE.OBJ
Z:\PROJECTS\THE-MYTH-OF-GANON-A-TWIST-IN-THE-LEGEND\SOURCE & HEADERS\DEBUG\MAIN.OBJ
Z:\PROJECTS\THE-MYTH-OF-GANON-A-TWIST-IN-THE-LEGEND\SOURCE & HEADERS\DEBUG\MAPPARSER.OBJ
Z:\Projects\The-Myth-of-Ganon-A-Twist-in-the-Legend\Source & Headers\Debug\mt.command.1.tlog
Z:\Projects\The-Myth-of-Ganon-A-Twist-in-the-Legend\Source & Headers\Debug\mt.read.1.tlog
Z:\Projects\The-Myth-of-Ganon-A-Twist-in-the-Legend\Source & Headers\Debug\mt.write.1.tlog
Z:\Projects\The-Myth-of-Ganon-A-Twist-in-the-Legend\Source & Headers\Debug\NativeCodeAnalysis.read.1.tlog
Z:\Projects\The-Myth-of-Ganon-A-Twist-in-the-Legend\Source & Headers\Debug\rc.command.1.tlog
Z:\Projects\The-Myth-of-Ganon-A-Twist-in-the-Legend\Source & Headers\Debug\rc.read.1.tlog
Z:\Projects\The-Myth-of-Ganon-A-Twist-in-the-Legend\Source & Headers\Debug\rc.write.1.tlog
Z:\PROJECTS\THE-MYTH-OF-GANON-A-TWIST-IN-THE-LEGEND\SOURCE & HEADERS\DEBUG\SAVESTATE.OBJ
Z:\PROJECTS\THE-MYTH-OF-GANON-A-TWIST-IN-THE-LEGEND\SOURCE & HEADERS\DEBUG\SPRITE.OBJ
Z:\PROJECTS\THE-MYTH-OF-GANON-A-TWIST-IN-THE-LEGEND\SOURCE & HEADERS\DEBUG\STILLSPRITE.OBJ
Z:\PROJECTS\THE-MYTH-OF-GANON-A-TWIST-IN-THE-LEGEND\SOURCE & HEADERS\DEBUG\THE MYTH OF GANON - A TWIST IN THE LEGEND.EXE
Z:\PROJECTS\THE-MYTH-OF-GANON-A-TWIST-IN-THE-LEGEND\SOURCE & HEADERS\DEBUG\THE MYTH OF GANON - A TWIST IN THE LEGEND.EXE.EMBED.MANIFEST
Z:\PROJECTS\THE-MYTH-OF-GANON-A-TWIST-IN-THE-LEGEND\SOURCE & HEADERS\DEBUG\THE MYTH OF GANON - A TWIST IN THE LEGEND.EXE.EMBED.MANIFEST.RES
Z:\PROJECTS\THE-MYTH-OF-GANON-A-TWIST-IN-THE-LEGEND\SOURCE & HEADERS\DEBUG\THE MYTH OF GANON - A TWIST IN THE LEGEND.EXE.INTERMEDIATE.MANIFEST
Z:\Projects\The-Myth-of-Ganon-A-Twist-in-the-Legend\Source & Headers\Debug\The Myth of Ganon - A Twist in the Legend.exe.lastcodeanalysissucceeded
Z:\PROJECTS\THE-MYTH-OF-GANON-A-TWIST-IN-THE-LEGEND\SOURCE & HEADERS\DEBUG\THE MYTH OF GANON - A TWIST IN THE LEGEND.ILK
Z:\PROJECTS\THE-MYTH-OF-GANON-A-TWIST-IN-THE-LEGEND\SOURCE & HEADERS\DEBUG\THE MYTH OF GANON - A TWIST IN THE LEGEND.PDB
Z:\Projects\The-Myth-of-Ganon-A-Twist-in-the-Legend\Source & Headers\Debug\The Myth of Ganon - A Twist in the Legend_manifest.rc
Z:\Projects\The-Myth-of-Ganon-A-Twist-in-the-Legend\Source & Headers\Debug\vc.nativecodeanalysis.all.xml
Z:\Projects\The-Myth-of-Ganon-A-Twist-in-the-Legend\Source & Headers\Debug\vc100.idb
Z:\PROJECTS\THE-MYTH-OF-GANON-A-TWIST-IN-THE-LEGEND\SOURCE & HEADERS\DEBUG\VC100.PDB
